<?xml version="1.0" encoding="UTF-8"?>
<testsuite name="com.kyko.book.springboot.web.IndexControllerTest" tests="1" skipped="0" failures="0" errors="0" timestamp="2023-08-11T07:50:58" hostname="DESKTOP-2GQNGGV" time="0.176">
  <properties/>
  <testcase name="메인페이지_로딩()" classname="com.kyko.book.springboot.web.IndexControllerTest" time="0.176"/>
  <system-out><![CDATA[2023-08-11 16:50:57.082  INFO 3240 --- [    Test worker] .b.t.c.SpringBootTestContextBootstrapper : Neither @ContextConfiguration nor @ContextHierarchy found for test class [com.kyko.book.springboot.web.IndexControllerTest], using SpringBootContextLoader
2023-08-11 16:50:57.083  INFO 3240 --- [    Test worker] o.s.t.c.support.AbstractContextLoader    : Could not detect default resource locations for test class [com.kyko.book.springboot.web.IndexControllerTest]: no resource found for suffixes {-context.xml, Context.groovy}.
2023-08-11 16:50:57.083  INFO 3240 --- [    Test worker] t.c.s.AnnotationConfigContextLoaderUtils : Could not detect default configuration classes for test class [com.kyko.book.springboot.web.IndexControllerTest]: IndexControllerTest does not declare any static, non-private, non-final, nested classes annotated with @Configuration.
2023-08-11 16:50:57.085  INFO 3240 --- [    Test worker] .b.t.c.SpringBootTestContextBootstrapper : Found @SpringBootConfiguration com.kyko.book.springboot.Application for test class com.kyko.book.springboot.web.IndexControllerTest
2023-08-11 16:50:57.087  INFO 3240 --- [    Test worker] .b.t.c.SpringBootTestContextBootstrapper : Loaded default TestExecutionListener class names from location [META-INF/spring.factories]: [org.springframework.security.test.context.support.WithSecurityContextTestExecutionListener, org.springframework.security.test.context.support.ReactorContextTestExecutionListener, org.springframework.boot.test.autoconfigure.restdocs.RestDocsTestExecutionListener, org.springframework.boot.test.autoconfigure.web.client.MockRestServiceServerResetTestExecutionListener, org.springframework.boot.test.autoconfigure.web.servlet.MockMvcPrintOnlyOnFailureTestExecutionListener, org.springframework.boot.test.autoconfigure.web.servlet.WebDriverTestExecutionListener, org.springframework.boot.test.autoconfigure.webservices.client.MockWebServiceServerTestExecutionListener, org.springframework.boot.test.mock.mockito.MockitoTestExecutionListener, org.springframework.boot.test.mock.mockito.ResetMocksTestExecutionListener, org.springframework.test.context.web.ServletTestExecutionListener, org.springframework.test.context.support.DirtiesContextBeforeModesTestExecutionListener, org.springframework.test.context.support.DependencyInjectionTestExecutionListener, org.springframework.test.context.support.DirtiesContextTestExecutionListener, org.springframework.test.context.transaction.TransactionalTestExecutionListener, org.springframework.test.context.jdbc.SqlScriptsTestExecutionListener, org.springframework.test.context.event.EventPublishingTestExecutionListener]
2023-08-11 16:50:57.088  INFO 3240 --- [    Test worker] .b.t.c.SpringBootTestContextBootstrapper : Using TestExecutionListeners: [org.springframework.test.context.web.ServletTestExecutionListener@6a3cb81c, org.springframework.test.context.support.DirtiesContextBeforeModesTestExecutionListener@42fe9099, org.springframework.boot.test.mock.mockito.MockitoTestExecutionListener@4437af21, org.springframework.boot.test.autoconfigure.SpringBootDependencyInjectionTestExecutionListener@657f1fc3, org.springframework.test.context.support.DirtiesContextTestExecutionListener@6a0ca728, org.springframework.test.context.transaction.TransactionalTestExecutionListener@5cc088a8, org.springframework.test.context.jdbc.SqlScriptsTestExecutionListener@25777ab6, org.springframework.security.test.context.support.WithSecurityContextTestExecutionListener@38ebf8dc, org.springframework.test.context.event.EventPublishingTestExecutionListener@37d12d0e, org.springframework.security.test.context.support.ReactorContextTestExecutionListener@6f8c6694, org.springframework.boot.test.autoconfigure.restdocs.RestDocsTestExecutionListener@71b01319, org.springframework.boot.test.autoconfigure.web.client.MockRestServiceServerResetTestExecutionListener@16fa28eb, org.springframework.boot.test.autoconfigure.web.servlet.MockMvcPrintOnlyOnFailureTestExecutionListener@28fdce67, org.springframework.boot.test.autoconfigure.web.servlet.WebDriverTestExecutionListener@24c9a52a, org.springframework.boot.test.autoconfigure.webservices.client.MockWebServiceServerTestExecutionListener@55105271, org.springframework.boot.test.mock.mockito.ResetMocksTestExecutionListener@126a8548]

  .   ____          _            __ _ _
 /\\ / ___'_ __ _ _(_)_ __  __ _ \ \ \ \
( ( )\___ | '_ | '_| | '_ \/ _` | \ \ \ \
 \\/  ___)| |_)| | | | | || (_| |  ) ) ) )
  '  |____| .__|_| |_|_| |_\__, | / / / /
 =========|_|==============|___/=/_/_/_/
 :: Spring Boot ::                (v2.4.1)

2023-08-11 16:50:57.127  INFO 3240 --- [    Test worker] c.k.b.s.web.IndexControllerTest          : Starting IndexControllerTest using Java 11.0.12 on DESKTOP-2GQNGGV with PID 3240 (started by KoKyungNam in C:\Users\KoKyungNam\Desktop\Spring)
2023-08-11 16:50:57.127  INFO 3240 --- [    Test worker] c.k.b.s.web.IndexControllerTest          : No active profile set, falling back to default profiles: default
2023-08-11 16:50:57.391  INFO 3240 --- [    Test worker] .s.d.r.c.RepositoryConfigurationDelegate : Bootstrapping Spring Data JPA repositories in DEFAULT mode.
2023-08-11 16:50:57.428  INFO 3240 --- [    Test worker] .s.d.r.c.RepositoryConfigurationDelegate : Finished Spring Data repository scanning in 36 ms. Found 2 JPA repository interfaces.
2023-08-11 16:50:57.787  INFO 3240 --- [    Test worker] o.s.b.w.embedded.tomcat.TomcatWebServer  : Tomcat initialized with port(s): 0 (http)
2023-08-11 16:50:57.801  INFO 3240 --- [    Test worker] o.apache.catalina.core.StandardService   : Starting service [Tomcat]
2023-08-11 16:50:57.802  INFO 3240 --- [    Test worker] org.apache.catalina.core.StandardEngine  : Starting Servlet engine: [Apache Tomcat/9.0.41]
2023-08-11 16:50:57.965  INFO 3240 --- [    Test worker] o.a.c.c.C.[Tomcat].[localhost].[/]       : Initializing Spring embedded WebApplicationContext
2023-08-11 16:50:57.966  INFO 3240 --- [    Test worker] w.s.c.ServletWebServerApplicationContext : Root WebApplicationContext: initialization completed in 835 ms
2023-08-11 16:50:58.106  INFO 3240 --- [    Test worker] com.zaxxer.hikari.HikariDataSource       : HikariPool-2 - Starting...
2023-08-11 16:50:58.109  INFO 3240 --- [    Test worker] com.zaxxer.hikari.HikariDataSource       : HikariPool-2 - Start completed.
2023-08-11 16:50:58.144  INFO 3240 --- [    Test worker] o.hibernate.jpa.internal.util.LogHelper  : HHH000204: Processing PersistenceUnitInfo [name: default]
2023-08-11 16:50:58.157  INFO 3240 --- [    Test worker] org.hibernate.dialect.Dialect            : HHH000400: Using dialect: org.hibernate.dialect.H2Dialect
2023-08-11 16:50:58.207  INFO 3240 --- [    Test worker] o.h.e.t.j.p.i.JtaPlatformInitiator       : HHH000490: Using JtaPlatform implementation: [org.hibernate.engine.transaction.jta.platform.internal.NoJtaPlatform]
2023-08-11 16:50:58.207  INFO 3240 --- [    Test worker] j.LocalContainerEntityManagerFactoryBean : Initialized JPA EntityManagerFactory for persistence unit 'default'
2023-08-11 16:50:58.500  WARN 3240 --- [    Test worker] JpaBaseConfiguration$JpaWebConfiguration : spring.jpa.open-in-view is enabled by default. Therefore, database queries may be performed during view rendering. Explicitly configure spring.jpa.open-in-view to disable this warning
2023-08-11 16:50:58.676  INFO 3240 --- [    Test worker] o.s.s.web.DefaultSecurityFilterChain     : Will secure any request with [org.springframework.security.web.context.request.async.WebAsyncManagerIntegrationFilter@4ba88ab5, org.springframework.security.web.context.SecurityContextPersistenceFilter@43edd4e0, org.springframework.security.web.header.HeaderWriterFilter@6bfa228c, org.springframework.security.web.authentication.logout.LogoutFilter@6bbd645, org.springframework.security.oauth2.client.web.OAuth2AuthorizationRequestRedirectFilter@3b68a50c, org.springframework.security.oauth2.client.web.OAuth2LoginAuthenticationFilter@27c68ccb, org.springframework.security.web.authentication.ui.DefaultLoginPageGeneratingFilter@7edab945, org.springframework.security.web.authentication.ui.DefaultLogoutPageGeneratingFilter@3d2ec8b2, org.springframework.security.web.savedrequest.RequestCacheAwareFilter@72a4f3f, org.springframework.security.web.servletapi.SecurityContextHolderAwareRequestFilter@3dfef314, org.springframework.security.web.authentication.AnonymousAuthenticationFilter@43905ade, org.springframework.security.web.session.SessionManagementFilter@6b351a54, org.springframework.security.web.access.ExceptionTranslationFilter@740610a2, org.springframework.security.web.access.intercept.FilterSecurityInterceptor@5ee63d9]
2023-08-11 16:50:58.771  INFO 3240 --- [    Test worker] o.s.s.concurrent.ThreadPoolTaskExecutor  : Initializing ExecutorService 'applicationTaskExecutor'
2023-08-11 16:50:58.802  INFO 3240 --- [    Test worker] o.s.b.a.w.s.WelcomePageHandlerMapping    : Adding welcome page template: index
2023-08-11 16:50:58.993  INFO 3240 --- [    Test worker] o.s.b.w.embedded.tomcat.TomcatWebServer  : Tomcat started on port(s): 56621 (http) with context path ''
2023-08-11 16:50:58.995  INFO 3240 --- [    Test worker] s.a.ScheduledAnnotationBeanPostProcessor : No TaskScheduler/ScheduledExecutorService bean found for scheduled processing
2023-08-11 16:50:58.995  INFO 3240 --- [    Test worker] c.k.b.s.web.IndexControllerTest          : Started IndexControllerTest in 1.904 seconds (JVM running for 11.094)
2023-08-11 16:50:59.088  INFO 3240 --- [o-auto-1-exec-1] o.a.c.c.C.[Tomcat].[localhost].[/]       : Initializing Spring DispatcherServlet 'dispatcherServlet'
2023-08-11 16:50:59.088  INFO 3240 --- [o-auto-1-exec-1] o.s.web.servlet.DispatcherServlet        : Initializing Servlet 'dispatcherServlet'
2023-08-11 16:50:59.089  INFO 3240 --- [o-auto-1-exec-1] o.s.web.servlet.DispatcherServlet        : Completed initialization in 1 ms
]]></system-out>
  <system-err><![CDATA[]]></system-err>
</testsuite>
