<?xml version="1.0" encoding="UTF-8"?>
<testsuite name="com.kyko.book.springboot.posts.PostsRepositoryTest" tests="2" skipped="0" failures="0" errors="0" timestamp="2023-09-14T07:38:50" hostname="DESKTOP-2GQNGGV" time="0.862">
  <properties/>
  <testcase name="게시글저장_불러오기()" classname="com.kyko.book.springboot.posts.PostsRepositoryTest" time="0.791"/>
  <testcase name="BaseTimeEntity_등록()" classname="com.kyko.book.springboot.posts.PostsRepositoryTest" time="0.069"/>
  <system-out><![CDATA[16:38:33.985 [Test worker] DEBUG org.springframework.test.context.BootstrapUtils - Instantiating CacheAwareContextLoaderDelegate from class [org.springframework.test.context.cache.DefaultCacheAwareContextLoaderDelegate]
16:38:34.037 [Test worker] DEBUG org.springframework.test.context.BootstrapUtils - Instantiating BootstrapContext using constructor [public org.springframework.test.context.support.DefaultBootstrapContext(java.lang.Class,org.springframework.test.context.CacheAwareContextLoaderDelegate)]
16:38:34.138 [Test worker] DEBUG org.springframework.test.context.BootstrapUtils - Instantiating TestContextBootstrapper for test class [com.kyko.book.springboot.posts.PostsRepositoryTest] from class [org.springframework.boot.test.context.SpringBootTestContextBootstrapper]
16:38:34.173 [Test worker] INFO org.springframework.boot.test.context.SpringBootTestContextBootstrapper - Neither @ContextConfiguration nor @ContextHierarchy found for test class [com.kyko.book.springboot.posts.PostsRepositoryTest], using SpringBootContextLoader
16:38:34.186 [Test worker] DEBUG org.springframework.test.context.support.AbstractContextLoader - Did not detect default resource location for test class [com.kyko.book.springboot.posts.PostsRepositoryTest]: class path resource [com/kyko/book/springboot/posts/PostsRepositoryTest-context.xml] does not exist
16:38:34.188 [Test worker] DEBUG org.springframework.test.context.support.AbstractContextLoader - Did not detect default resource location for test class [com.kyko.book.springboot.posts.PostsRepositoryTest]: class path resource [com/kyko/book/springboot/posts/PostsRepositoryTestContext.groovy] does not exist
16:38:34.189 [Test worker] INFO org.springframework.test.context.support.AbstractContextLoader - Could not detect default resource locations for test class [com.kyko.book.springboot.posts.PostsRepositoryTest]: no resource found for suffixes {-context.xml, Context.groovy}.
16:38:34.191 [Test worker] INFO org.springframework.test.context.support.AnnotationConfigContextLoaderUtils - Could not detect default configuration classes for test class [com.kyko.book.springboot.posts.PostsRepositoryTest]: PostsRepositoryTest does not declare any static, non-private, non-final, nested classes annotated with @Configuration.
16:38:34.322 [Test worker] DEBUG org.springframework.test.context.support.ActiveProfilesUtils - Could not find an 'annotation declaring class' for annotation type [org.springframework.test.context.ActiveProfiles] and class [com.kyko.book.springboot.posts.PostsRepositoryTest]
16:38:34.487 [Test worker] DEBUG org.springframework.context.annotation.ClassPathScanningCandidateComponentProvider - Identified candidate component class: file [C:\Users\KoKyungNam\Desktop\Spring\build\classes\java\main\com\kyko\book\springboot\Application.class]
16:38:34.492 [Test worker] INFO org.springframework.boot.test.context.SpringBootTestContextBootstrapper - Found @SpringBootConfiguration com.kyko.book.springboot.Application for test class com.kyko.book.springboot.posts.PostsRepositoryTest
16:38:34.854 [Test worker] DEBUG org.springframework.boot.test.context.SpringBootTestContextBootstrapper - @TestExecutionListeners is not present for class [com.kyko.book.springboot.posts.PostsRepositoryTest]: using defaults.
16:38:34.855 [Test worker] INFO org.springframework.boot.test.context.SpringBootTestContextBootstrapper - Loaded default TestExecutionListener class names from location [META-INF/spring.factories]: [org.springframework.security.test.context.support.WithSecurityContextTestExecutionListener, org.springframework.security.test.context.support.ReactorContextTestExecutionListener, org.springframework.boot.test.autoconfigure.restdocs.RestDocsTestExecutionListener, org.springframework.boot.test.autoconfigure.web.client.MockRestServiceServerResetTestExecutionListener, org.springframework.boot.test.autoconfigure.web.servlet.MockMvcPrintOnlyOnFailureTestExecutionListener, org.springframework.boot.test.autoconfigure.web.servlet.WebDriverTestExecutionListener, org.springframework.boot.test.autoconfigure.webservices.client.MockWebServiceServerTestExecutionListener, org.springframework.boot.test.mock.mockito.MockitoTestExecutionListener, org.springframework.boot.test.mock.mockito.ResetMocksTestExecutionListener, org.springframework.test.context.web.ServletTestExecutionListener, org.springframework.test.context.support.DirtiesContextBeforeModesTestExecutionListener, org.springframework.test.context.support.DependencyInjectionTestExecutionListener, org.springframework.test.context.support.DirtiesContextTestExecutionListener, org.springframework.test.context.transaction.TransactionalTestExecutionListener, org.springframework.test.context.jdbc.SqlScriptsTestExecutionListener, org.springframework.test.context.event.EventPublishingTestExecutionListener]
16:38:34.925 [Test worker] INFO org.springframework.boot.test.context.SpringBootTestContextBootstrapper - Using TestExecutionListeners: [org.springframework.test.context.web.ServletTestExecutionListener@3301500b, org.springframework.test.context.support.DirtiesContextBeforeModesTestExecutionListener@24b52d3e, org.springframework.boot.test.mock.mockito.MockitoTestExecutionListener@15deb1dc, org.springframework.boot.test.autoconfigure.SpringBootDependencyInjectionTestExecutionListener@6e9c413e, org.springframework.test.context.support.DirtiesContextTestExecutionListener@57a4d5ee, org.springframework.test.context.transaction.TransactionalTestExecutionListener@5af5def9, org.springframework.test.context.jdbc.SqlScriptsTestExecutionListener@3a45c42a, org.springframework.security.test.context.support.WithSecurityContextTestExecutionListener@36dce7ed, org.springframework.test.context.event.EventPublishingTestExecutionListener@47a64f7d, org.springframework.security.test.context.support.ReactorContextTestExecutionListener@33d05366, org.springframework.boot.test.autoconfigure.restdocs.RestDocsTestExecutionListener@27a0a5a2, org.springframework.boot.test.autoconfigure.web.client.MockRestServiceServerResetTestExecutionListener@7692cd34, org.springframework.boot.test.autoconfigure.web.servlet.MockMvcPrintOnlyOnFailureTestExecutionListener@33aa93c, org.springframework.boot.test.autoconfigure.web.servlet.WebDriverTestExecutionListener@32c0915e, org.springframework.boot.test.autoconfigure.webservices.client.MockWebServiceServerTestExecutionListener@106faf11, org.springframework.boot.test.mock.mockito.ResetMocksTestExecutionListener@70f43b45]
16:38:34.936 [Test worker] DEBUG org.springframework.test.context.support.AbstractDirtiesContextTestExecutionListener - Before test class: context [DefaultTestContext@5f577419 testClass = PostsRepositoryTest, testInstance = [null], testMethod = [null], testException = [null], mergedContextConfiguration = [WebMergedContextConfiguration@28fa700e testClass = PostsRepositoryTest, locations = '{}', classes = '{class com.kyko.book.springboot.Application}', contextInitializerClasses = '[]', activeProfiles = '{}', propertySourceLocations = '{}', propertySourceProperties = '{org.springframework.boot.test.context.SpringBootTestContextBootstrapper=true}', contextCustomizers = set[org.springframework.boot.test.autoconfigure.actuate.metrics.MetricsExportContextCustomizerFactory$DisableMetricExportContextCustomizer@30d4b288, org.springframework.boot.test.autoconfigure.properties.PropertyMappingContextCustomizer@0, org.springframework.boot.test.autoconfigure.web.servlet.WebDriverContextCustomizerFactory$Customizer@3dddefd8, org.springframework.boot.test.context.filter.ExcludeFilterContextCustomizer@41925502, org.springframework.boot.test.json.DuplicateJsonObjectContextCustomizerFactory$DuplicateJsonObjectContextCustomizer@3f053c80, org.springframework.boot.test.mock.mockito.MockitoContextCustomizer@0, org.springframework.boot.test.web.client.TestRestTemplateContextCustomizer@45cff11c, org.springframework.boot.test.context.SpringBootTestArgs@1, org.springframework.boot.test.context.SpringBootTestWebEnvironment@74f6c5d8], resourceBasePath = 'src/main/webapp', contextLoader = 'org.springframework.boot.test.context.SpringBootContextLoader', parent = [null]], attributes = map['org.springframework.test.context.web.ServletTestExecutionListener.activateListener' -> true]], class annotated with @DirtiesContext [false] with mode [null].
16:38:35.034 [Test worker] DEBUG org.springframework.test.context.support.TestPropertySourceUtils - Adding inlined properties to environment: {spring.jmx.enabled=false, org.springframework.boot.test.context.SpringBootTestContextBootstrapper=true}

  .   ____          _            __ _ _
 /\\ / ___'_ __ _ _(_)_ __  __ _ \ \ \ \
( ( )\___ | '_ | '_| | '_ \/ _` | \ \ \ \
 \\/  ___)| |_)| | | | | || (_| |  ) ) ) )
  '  |____| .__|_| |_|_| |_\__, | / / / /
 =========|_|==============|___/=/_/_/_/
 :: Spring Boot ::                (v2.4.1)

2023-09-14 16:38:36.054  INFO 31556 --- [    Test worker] c.k.b.s.posts.PostsRepositoryTest        : Starting PostsRepositoryTest using Java 11.0.12 on DESKTOP-2GQNGGV with PID 31556 (started by KoKyungNam in C:\Users\KoKyungNam\Desktop\Spring)
2023-09-14 16:38:36.058  INFO 31556 --- [    Test worker] c.k.b.s.posts.PostsRepositoryTest        : No active profile set, falling back to default profiles: default
2023-09-14 16:38:38.435  INFO 31556 --- [    Test worker] .s.d.r.c.RepositoryConfigurationDelegate : Bootstrapping Spring Data JPA repositories in DEFAULT mode.
2023-09-14 16:38:38.666  INFO 31556 --- [    Test worker] .s.d.r.c.RepositoryConfigurationDelegate : Finished Spring Data repository scanning in 209 ms. Found 2 JPA repository interfaces.
2023-09-14 16:38:40.341  INFO 31556 --- [    Test worker] com.zaxxer.hikari.HikariDataSource       : HikariPool-1 - Starting...
2023-09-14 16:38:40.968  INFO 31556 --- [    Test worker] com.zaxxer.hikari.HikariDataSource       : HikariPool-1 - Start completed.
2023-09-14 16:38:41.224  INFO 31556 --- [    Test worker] o.hibernate.jpa.internal.util.LogHelper  : HHH000204: Processing PersistenceUnitInfo [name: default]
2023-09-14 16:38:41.467  INFO 31556 --- [    Test worker] org.hibernate.Version                    : HHH000412: Hibernate ORM core version 5.4.25.Final
2023-09-14 16:38:42.100  INFO 31556 --- [    Test worker] o.hibernate.annotations.common.Version   : HCANN000001: Hibernate Commons Annotations {5.1.2.Final}
2023-09-14 16:38:42.691  INFO 31556 --- [    Test worker] org.hibernate.dialect.Dialect            : HHH000400: Using dialect: org.hibernate.dialect.H2Dialect
2023-09-14 16:38:45.083  INFO 31556 --- [    Test worker] o.h.e.t.j.p.i.JtaPlatformInitiator       : HHH000490: Using JtaPlatform implementation: [org.hibernate.engine.transaction.jta.platform.internal.NoJtaPlatform]
2023-09-14 16:38:45.113  INFO 31556 --- [    Test worker] j.LocalContainerEntityManagerFactoryBean : Initialized JPA EntityManagerFactory for persistence unit 'default'
2023-09-14 16:38:46.505  WARN 31556 --- [    Test worker] JpaBaseConfiguration$JpaWebConfiguration : spring.jpa.open-in-view is enabled by default. Therefore, database queries may be performed during view rendering. Explicitly configure spring.jpa.open-in-view to disable this warning
2023-09-14 16:38:48.106  INFO 31556 --- [    Test worker] o.s.s.web.DefaultSecurityFilterChain     : Will secure any request with [org.springframework.security.web.context.request.async.WebAsyncManagerIntegrationFilter@62158618, org.springframework.security.web.context.SecurityContextPersistenceFilter@28521ed5, org.springframework.security.web.header.HeaderWriterFilter@3958db82, org.springframework.security.web.authentication.logout.LogoutFilter@749ffdc7, org.springframework.security.oauth2.client.web.OAuth2AuthorizationRequestRedirectFilter@20608ef4, org.springframework.security.oauth2.client.web.OAuth2LoginAuthenticationFilter@4144d4a, org.springframework.security.web.authentication.ui.DefaultLoginPageGeneratingFilter@6dde913e, org.springframework.security.web.authentication.ui.DefaultLogoutPageGeneratingFilter@7c31e01f, org.springframework.security.web.savedrequest.RequestCacheAwareFilter@4629dde5, org.springframework.security.web.servletapi.SecurityContextHolderAwareRequestFilter@20505460, org.springframework.security.web.authentication.AnonymousAuthenticationFilter@7945986a, org.springframework.security.web.session.SessionManagementFilter@1256925b, org.springframework.security.web.access.ExceptionTranslationFilter@522f74a1, org.springframework.security.web.access.intercept.FilterSecurityInterceptor@5aefdb9e]
2023-09-14 16:38:49.284  INFO 31556 --- [    Test worker] o.s.s.concurrent.ThreadPoolTaskExecutor  : Initializing ExecutorService 'applicationTaskExecutor'
2023-09-14 16:38:49.611  INFO 31556 --- [    Test worker] o.s.b.a.w.s.WelcomePageHandlerMapping    : Adding welcome page template: index
2023-09-14 16:38:50.715  INFO 31556 --- [    Test worker] s.a.ScheduledAnnotationBeanPostProcessor : No TaskScheduler/ScheduledExecutorService bean found for scheduled processing
2023-09-14 16:38:50.741  INFO 31556 --- [    Test worker] c.k.b.s.posts.PostsRepositoryTest        : Started PostsRepositoryTest in 15.686 seconds (JVM running for 20.973)
>>>>>>>>>>>> createDate=2023-09-14T16:38:51.583599, modifiedDate=2023-09-14T16:38:51.583599
]]></system-out>
  <system-err><![CDATA[]]></system-err>
</testsuite>
