<?xml version="1.0" encoding="UTF-8"?>
<testsuite name="com.kyko.book.springboot.posts.PostsRepositoryTest" tests="2" skipped="0" failures="0" errors="0" timestamp="2023-09-01T13:55:13" hostname="DESKTOP-2GQNGGV" time="0.843">
  <properties/>
  <testcase name="게시글저장_불러오기()" classname="com.kyko.book.springboot.posts.PostsRepositoryTest" time="0.818"/>
  <testcase name="BaseTimeEntity_등록()" classname="com.kyko.book.springboot.posts.PostsRepositoryTest" time="0.023"/>
  <system-out><![CDATA[22:54:59.572 [Test worker] DEBUG org.springframework.test.context.BootstrapUtils - Instantiating CacheAwareContextLoaderDelegate from class [org.springframework.test.context.cache.DefaultCacheAwareContextLoaderDelegate]
22:54:59.605 [Test worker] DEBUG org.springframework.test.context.BootstrapUtils - Instantiating BootstrapContext using constructor [public org.springframework.test.context.support.DefaultBootstrapContext(java.lang.Class,org.springframework.test.context.CacheAwareContextLoaderDelegate)]
22:54:59.685 [Test worker] DEBUG org.springframework.test.context.BootstrapUtils - Instantiating TestContextBootstrapper for test class [com.kyko.book.springboot.posts.PostsRepositoryTest] from class [org.springframework.boot.test.context.SpringBootTestContextBootstrapper]
22:54:59.724 [Test worker] INFO org.springframework.boot.test.context.SpringBootTestContextBootstrapper - Neither @ContextConfiguration nor @ContextHierarchy found for test class [com.kyko.book.springboot.posts.PostsRepositoryTest], using SpringBootContextLoader
22:54:59.736 [Test worker] DEBUG org.springframework.test.context.support.AbstractContextLoader - Did not detect default resource location for test class [com.kyko.book.springboot.posts.PostsRepositoryTest]: class path resource [com/kyko/book/springboot/posts/PostsRepositoryTest-context.xml] does not exist
22:54:59.738 [Test worker] DEBUG org.springframework.test.context.support.AbstractContextLoader - Did not detect default resource location for test class [com.kyko.book.springboot.posts.PostsRepositoryTest]: class path resource [com/kyko/book/springboot/posts/PostsRepositoryTestContext.groovy] does not exist
22:54:59.739 [Test worker] INFO org.springframework.test.context.support.AbstractContextLoader - Could not detect default resource locations for test class [com.kyko.book.springboot.posts.PostsRepositoryTest]: no resource found for suffixes {-context.xml, Context.groovy}.
22:54:59.741 [Test worker] INFO org.springframework.test.context.support.AnnotationConfigContextLoaderUtils - Could not detect default configuration classes for test class [com.kyko.book.springboot.posts.PostsRepositoryTest]: PostsRepositoryTest does not declare any static, non-private, non-final, nested classes annotated with @Configuration.
22:54:59.858 [Test worker] DEBUG org.springframework.test.context.support.ActiveProfilesUtils - Could not find an 'annotation declaring class' for annotation type [org.springframework.test.context.ActiveProfiles] and class [com.kyko.book.springboot.posts.PostsRepositoryTest]
22:54:59.994 [Test worker] DEBUG org.springframework.context.annotation.ClassPathScanningCandidateComponentProvider - Identified candidate component class: file [C:\Users\KoKyungNam\Desktop\Spring\build\classes\java\main\com\kyko\book\springboot\Application.class]
22:54:59.997 [Test worker] INFO org.springframework.boot.test.context.SpringBootTestContextBootstrapper - Found @SpringBootConfiguration com.kyko.book.springboot.Application for test class com.kyko.book.springboot.posts.PostsRepositoryTest
22:55:00.248 [Test worker] DEBUG org.springframework.boot.test.context.SpringBootTestContextBootstrapper - @TestExecutionListeners is not present for class [com.kyko.book.springboot.posts.PostsRepositoryTest]: using defaults.
22:55:00.249 [Test worker] INFO org.springframework.boot.test.context.SpringBootTestContextBootstrapper - Loaded default TestExecutionListener class names from location [META-INF/spring.factories]: [org.springframework.security.test.context.support.WithSecurityContextTestExecutionListener, org.springframework.security.test.context.support.ReactorContextTestExecutionListener, org.springframework.boot.test.autoconfigure.restdocs.RestDocsTestExecutionListener, org.springframework.boot.test.autoconfigure.web.client.MockRestServiceServerResetTestExecutionListener, org.springframework.boot.test.autoconfigure.web.servlet.MockMvcPrintOnlyOnFailureTestExecutionListener, org.springframework.boot.test.autoconfigure.web.servlet.WebDriverTestExecutionListener, org.springframework.boot.test.autoconfigure.webservices.client.MockWebServiceServerTestExecutionListener, org.springframework.boot.test.mock.mockito.MockitoTestExecutionListener, org.springframework.boot.test.mock.mockito.ResetMocksTestExecutionListener, org.springframework.test.context.web.ServletTestExecutionListener, org.springframework.test.context.support.DirtiesContextBeforeModesTestExecutionListener, org.springframework.test.context.support.DependencyInjectionTestExecutionListener, org.springframework.test.context.support.DirtiesContextTestExecutionListener, org.springframework.test.context.transaction.TransactionalTestExecutionListener, org.springframework.test.context.jdbc.SqlScriptsTestExecutionListener, org.springframework.test.context.event.EventPublishingTestExecutionListener]
22:55:00.297 [Test worker] INFO org.springframework.boot.test.context.SpringBootTestContextBootstrapper - Using TestExecutionListeners: [org.springframework.test.context.web.ServletTestExecutionListener@5dbe30be, org.springframework.test.context.support.DirtiesContextBeforeModesTestExecutionListener@4fe89c24, org.springframework.boot.test.mock.mockito.MockitoTestExecutionListener@55795845, org.springframework.boot.test.autoconfigure.SpringBootDependencyInjectionTestExecutionListener@3d08f3f5, org.springframework.test.context.support.DirtiesContextTestExecutionListener@119f1f2a, org.springframework.test.context.transaction.TransactionalTestExecutionListener@1a1da881, org.springframework.test.context.jdbc.SqlScriptsTestExecutionListener@5b970f7, org.springframework.security.test.context.support.WithSecurityContextTestExecutionListener@7fd4acee, org.springframework.test.context.event.EventPublishingTestExecutionListener@165b8a71, org.springframework.security.test.context.support.ReactorContextTestExecutionListener@6175619b, org.springframework.boot.test.autoconfigure.restdocs.RestDocsTestExecutionListener@2f058b8a, org.springframework.boot.test.autoconfigure.web.client.MockRestServiceServerResetTestExecutionListener@756cf158, org.springframework.boot.test.autoconfigure.web.servlet.MockMvcPrintOnlyOnFailureTestExecutionListener@3f2ef586, org.springframework.boot.test.autoconfigure.web.servlet.WebDriverTestExecutionListener@751d3241, org.springframework.boot.test.autoconfigure.webservices.client.MockWebServiceServerTestExecutionListener@76c7beb3, org.springframework.boot.test.mock.mockito.ResetMocksTestExecutionListener@64337702]
22:55:00.307 [Test worker] DEBUG org.springframework.test.context.support.AbstractDirtiesContextTestExecutionListener - Before test class: context [DefaultTestContext@f9d87b testClass = PostsRepositoryTest, testInstance = [null], testMethod = [null], testException = [null], mergedContextConfiguration = [WebMergedContextConfiguration@6ffab045 testClass = PostsRepositoryTest, locations = '{}', classes = '{class com.kyko.book.springboot.Application}', contextInitializerClasses = '[]', activeProfiles = '{}', propertySourceLocations = '{}', propertySourceProperties = '{org.springframework.boot.test.context.SpringBootTestContextBootstrapper=true}', contextCustomizers = set[org.springframework.boot.test.autoconfigure.actuate.metrics.MetricsExportContextCustomizerFactory$DisableMetricExportContextCustomizer@7862f56, org.springframework.boot.test.autoconfigure.properties.PropertyMappingContextCustomizer@0, org.springframework.boot.test.autoconfigure.web.servlet.WebDriverContextCustomizerFactory$Customizer@f316aeb, org.springframework.boot.test.context.filter.ExcludeFilterContextCustomizer@5dd1c9f2, org.springframework.boot.test.json.DuplicateJsonObjectContextCustomizerFactory$DuplicateJsonObjectContextCustomizer@324a0017, org.springframework.boot.test.mock.mockito.MockitoContextCustomizer@0, org.springframework.boot.test.web.client.TestRestTemplateContextCustomizer@45fd9a4d, org.springframework.boot.test.context.SpringBootTestArgs@1, org.springframework.boot.test.context.SpringBootTestWebEnvironment@2df9b86], resourceBasePath = 'src/main/webapp', contextLoader = 'org.springframework.boot.test.context.SpringBootContextLoader', parent = [null]], attributes = map['org.springframework.test.context.web.ServletTestExecutionListener.activateListener' -> true]], class annotated with @DirtiesContext [false] with mode [null].
22:55:00.381 [Test worker] DEBUG org.springframework.test.context.support.TestPropertySourceUtils - Adding inlined properties to environment: {spring.jmx.enabled=false, org.springframework.boot.test.context.SpringBootTestContextBootstrapper=true}

  .   ____          _            __ _ _
 /\\ / ___'_ __ _ _(_)_ __  __ _ \ \ \ \
( ( )\___ | '_ | '_| | '_ \/ _` | \ \ \ \
 \\/  ___)| |_)| | | | | || (_| |  ) ) ) )
  '  |____| .__|_| |_|_| |_\__, | / / / /
 =========|_|==============|___/=/_/_/_/
 :: Spring Boot ::                (v2.4.1)

2023-09-01 22:55:01.188  INFO 13252 --- [    Test worker] c.k.b.s.posts.PostsRepositoryTest        : Starting PostsRepositoryTest using Java 16.0.2 on DESKTOP-2GQNGGV with PID 13252 (started by KoKyungNam in C:\Users\KoKyungNam\Desktop\Spring)
2023-09-01 22:55:01.194  INFO 13252 --- [    Test worker] c.k.b.s.posts.PostsRepositoryTest        : No active profile set, falling back to default profiles: default
2023-09-01 22:55:03.068  INFO 13252 --- [    Test worker] .s.d.r.c.RepositoryConfigurationDelegate : Bootstrapping Spring Data JPA repositories in DEFAULT mode.
2023-09-01 22:55:03.260  INFO 13252 --- [    Test worker] .s.d.r.c.RepositoryConfigurationDelegate : Finished Spring Data repository scanning in 173 ms. Found 2 JPA repository interfaces.
2023-09-01 22:55:04.756  INFO 13252 --- [    Test worker] com.zaxxer.hikari.HikariDataSource       : HikariPool-1 - Starting...
2023-09-01 22:55:05.232  INFO 13252 --- [    Test worker] com.zaxxer.hikari.HikariDataSource       : HikariPool-1 - Start completed.
2023-09-01 22:55:05.438  INFO 13252 --- [    Test worker] o.hibernate.jpa.internal.util.LogHelper  : HHH000204: Processing PersistenceUnitInfo [name: default]
2023-09-01 22:55:05.644  INFO 13252 --- [    Test worker] org.hibernate.Version                    : HHH000412: Hibernate ORM core version 5.4.25.Final
2023-09-01 22:55:06.100  INFO 13252 --- [    Test worker] o.hibernate.annotations.common.Version   : HCANN000001: Hibernate Commons Annotations {5.1.2.Final}
2023-09-01 22:55:06.509  INFO 13252 --- [    Test worker] org.hibernate.dialect.Dialect            : HHH000400: Using dialect: org.hibernate.dialect.H2Dialect
2023-09-01 22:55:08.163  INFO 13252 --- [    Test worker] o.h.e.t.j.p.i.JtaPlatformInitiator       : HHH000490: Using JtaPlatform implementation: [org.hibernate.engine.transaction.jta.platform.internal.NoJtaPlatform]
2023-09-01 22:55:08.188  INFO 13252 --- [    Test worker] j.LocalContainerEntityManagerFactoryBean : Initialized JPA EntityManagerFactory for persistence unit 'default'
2023-09-01 22:55:09.571  WARN 13252 --- [    Test worker] JpaBaseConfiguration$JpaWebConfiguration : spring.jpa.open-in-view is enabled by default. Therefore, database queries may be performed during view rendering. Explicitly configure spring.jpa.open-in-view to disable this warning
2023-09-01 22:55:10.871  INFO 13252 --- [    Test worker] o.s.s.web.DefaultSecurityFilterChain     : Will secure any request with [org.springframework.security.web.context.request.async.WebAsyncManagerIntegrationFilter@2e51ede1, org.springframework.security.web.context.SecurityContextPersistenceFilter@3182143c, org.springframework.security.web.header.HeaderWriterFilter@b666366, org.springframework.security.web.authentication.logout.LogoutFilter@25da1dc9, org.springframework.security.oauth2.client.web.OAuth2AuthorizationRequestRedirectFilter@6fe77a97, org.springframework.security.oauth2.client.web.OAuth2LoginAuthenticationFilter@451cef67, org.springframework.security.web.authentication.ui.DefaultLoginPageGeneratingFilter@3c65f2e1, org.springframework.security.web.authentication.ui.DefaultLogoutPageGeneratingFilter@12051d38, org.springframework.security.web.savedrequest.RequestCacheAwareFilter@3113595e, org.springframework.security.web.servletapi.SecurityContextHolderAwareRequestFilter@66576bd2, org.springframework.security.web.authentication.AnonymousAuthenticationFilter@28f3a218, org.springframework.security.web.session.SessionManagementFilter@1299c874, org.springframework.security.web.access.ExceptionTranslationFilter@6efc9d3f, org.springframework.security.web.access.intercept.FilterSecurityInterceptor@6eae3730]
2023-09-01 22:55:11.974  INFO 13252 --- [    Test worker] o.s.s.concurrent.ThreadPoolTaskExecutor  : Initializing ExecutorService 'applicationTaskExecutor'
2023-09-01 22:55:12.265  INFO 13252 --- [    Test worker] o.s.b.a.w.s.WelcomePageHandlerMapping    : Adding welcome page template: index
2023-09-01 22:55:13.290  INFO 13252 --- [    Test worker] s.a.ScheduledAnnotationBeanPostProcessor : No TaskScheduler/ScheduledExecutorService bean found for scheduled processing
2023-09-01 22:55:13.317  INFO 13252 --- [    Test worker] c.k.b.s.posts.PostsRepositoryTest        : Started PostsRepositoryTest in 12.92 seconds (JVM running for 15.9)
>>>>>>>>>>>> createDate=2023-09-01T22:55:14.196547, modifiedDate=2023-09-01T22:55:14.196547
]]></system-out>
  <system-err><![CDATA[]]></system-err>
</testsuite>
