<?xml version="1.0" encoding="UTF-8"?>
<testsuite name="com.kyko.book.springboot.web.IndexControllerTest" tests="1" skipped="0" failures="0" errors="0" timestamp="2023-08-03T08:17:14" hostname="DESKTOP-2GQNGGV" time="0.369">
  <properties/>
  <testcase name="메인페이지_로딩()" classname="com.kyko.book.springboot.web.IndexControllerTest" time="0.369"/>
  <system-out><![CDATA[17:17:09.400 [Test worker] DEBUG org.springframework.test.context.BootstrapUtils - Instantiating CacheAwareContextLoaderDelegate from class [org.springframework.test.context.cache.DefaultCacheAwareContextLoaderDelegate]
17:17:09.414 [Test worker] DEBUG org.springframework.test.context.BootstrapUtils - Instantiating BootstrapContext using constructor [public org.springframework.test.context.support.DefaultBootstrapContext(java.lang.Class,org.springframework.test.context.CacheAwareContextLoaderDelegate)]
17:17:09.447 [Test worker] DEBUG org.springframework.test.context.BootstrapUtils - Instantiating TestContextBootstrapper for test class [com.kyko.book.springboot.web.IndexControllerTest] from class [org.springframework.boot.test.context.SpringBootTestContextBootstrapper]
17:17:09.458 [Test worker] INFO org.springframework.boot.test.context.SpringBootTestContextBootstrapper - Neither @ContextConfiguration nor @ContextHierarchy found for test class [com.kyko.book.springboot.web.IndexControllerTest], using SpringBootContextLoader
17:17:09.463 [Test worker] DEBUG org.springframework.test.context.support.AbstractContextLoader - Did not detect default resource location for test class [com.kyko.book.springboot.web.IndexControllerTest]: class path resource [com/kyko/book/springboot/web/IndexControllerTest-context.xml] does not exist
17:17:09.463 [Test worker] DEBUG org.springframework.test.context.support.AbstractContextLoader - Did not detect default resource location for test class [com.kyko.book.springboot.web.IndexControllerTest]: class path resource [com/kyko/book/springboot/web/IndexControllerTestContext.groovy] does not exist
17:17:09.463 [Test worker] INFO org.springframework.test.context.support.AbstractContextLoader - Could not detect default resource locations for test class [com.kyko.book.springboot.web.IndexControllerTest]: no resource found for suffixes {-context.xml, Context.groovy}.
17:17:09.464 [Test worker] INFO org.springframework.test.context.support.AnnotationConfigContextLoaderUtils - Could not detect default configuration classes for test class [com.kyko.book.springboot.web.IndexControllerTest]: IndexControllerTest does not declare any static, non-private, non-final, nested classes annotated with @Configuration.
17:17:09.505 [Test worker] DEBUG org.springframework.test.context.support.ActiveProfilesUtils - Could not find an 'annotation declaring class' for annotation type [org.springframework.test.context.ActiveProfiles] and class [com.kyko.book.springboot.web.IndexControllerTest]
17:17:09.597 [Test worker] DEBUG org.springframework.context.annotation.ClassPathScanningCandidateComponentProvider - Identified candidate component class: file [C:\Users\KoKyungNam\Desktop\Spring\build\classes\java\main\com\kyko\book\springboot\Application.class]
17:17:09.598 [Test worker] INFO org.springframework.boot.test.context.SpringBootTestContextBootstrapper - Found @SpringBootConfiguration com.kyko.book.springboot.Application for test class com.kyko.book.springboot.web.IndexControllerTest
17:17:09.712 [Test worker] DEBUG org.springframework.boot.test.context.SpringBootTestContextBootstrapper - @TestExecutionListeners is not present for class [com.kyko.book.springboot.web.IndexControllerTest]: using defaults.
17:17:09.713 [Test worker] INFO org.springframework.boot.test.context.SpringBootTestContextBootstrapper - Loaded default TestExecutionListener class names from location [META-INF/spring.factories]: [org.springframework.boot.test.autoconfigure.restdocs.RestDocsTestExecutionListener, org.springframework.boot.test.autoconfigure.web.client.MockRestServiceServerResetTestExecutionListener, org.springframework.boot.test.autoconfigure.web.servlet.MockMvcPrintOnlyOnFailureTestExecutionListener, org.springframework.boot.test.autoconfigure.web.servlet.WebDriverTestExecutionListener, org.springframework.boot.test.autoconfigure.webservices.client.MockWebServiceServerTestExecutionListener, org.springframework.boot.test.mock.mockito.MockitoTestExecutionListener, org.springframework.boot.test.mock.mockito.ResetMocksTestExecutionListener, org.springframework.test.context.web.ServletTestExecutionListener, org.springframework.test.context.support.DirtiesContextBeforeModesTestExecutionListener, org.springframework.test.context.support.DependencyInjectionTestExecutionListener, org.springframework.test.context.support.DirtiesContextTestExecutionListener, org.springframework.test.context.transaction.TransactionalTestExecutionListener, org.springframework.test.context.jdbc.SqlScriptsTestExecutionListener, org.springframework.test.context.event.EventPublishingTestExecutionListener]
17:17:09.730 [Test worker] INFO org.springframework.boot.test.context.SpringBootTestContextBootstrapper - Using TestExecutionListeners: [org.springframework.test.context.web.ServletTestExecutionListener@475b7792, org.springframework.test.context.support.DirtiesContextBeforeModesTestExecutionListener@751e664e, org.springframework.boot.test.mock.mockito.MockitoTestExecutionListener@160c3ec1, org.springframework.boot.test.autoconfigure.SpringBootDependencyInjectionTestExecutionListener@182b435b, org.springframework.test.context.support.DirtiesContextTestExecutionListener@4d0402b, org.springframework.test.context.transaction.TransactionalTestExecutionListener@2fa7ae9, org.springframework.test.context.jdbc.SqlScriptsTestExecutionListener@7577b641, org.springframework.test.context.event.EventPublishingTestExecutionListener@3704122f, org.springframework.boot.test.autoconfigure.restdocs.RestDocsTestExecutionListener@3153ddfc, org.springframework.boot.test.autoconfigure.web.client.MockRestServiceServerResetTestExecutionListener@60afd40d, org.springframework.boot.test.autoconfigure.web.servlet.MockMvcPrintOnlyOnFailureTestExecutionListener@28a2a3e7, org.springframework.boot.test.autoconfigure.web.servlet.WebDriverTestExecutionListener@3f2049b6, org.springframework.boot.test.autoconfigure.webservices.client.MockWebServiceServerTestExecutionListener@10b3df93, org.springframework.boot.test.mock.mockito.ResetMocksTestExecutionListener@ea27e34]
17:17:09.734 [Test worker] DEBUG org.springframework.test.context.support.AbstractDirtiesContextTestExecutionListener - Before test class: context [DefaultTestContext@18e8473e testClass = IndexControllerTest, testInstance = [null], testMethod = [null], testException = [null], mergedContextConfiguration = [WebMergedContextConfiguration@5a2f016d testClass = IndexControllerTest, locations = '{}', classes = '{class com.kyko.book.springboot.Application}', contextInitializerClasses = '[]', activeProfiles = '{}', propertySourceLocations = '{}', propertySourceProperties = '{org.springframework.boot.test.context.SpringBootTestContextBootstrapper=true, server.port=0}', contextCustomizers = set[org.springframework.boot.test.autoconfigure.actuate.metrics.MetricsExportContextCustomizerFactory$DisableMetricExportContextCustomizer@45905bff, org.springframework.boot.test.autoconfigure.properties.PropertyMappingContextCustomizer@0, org.springframework.boot.test.autoconfigure.web.servlet.WebDriverContextCustomizerFactory$Customizer@7e22550a, org.springframework.boot.test.context.filter.ExcludeFilterContextCustomizer@5bc9ba1d, org.springframework.boot.test.json.DuplicateJsonObjectContextCustomizerFactory$DuplicateJsonObjectContextCustomizer@488eb7f2, org.springframework.boot.test.mock.mockito.MockitoContextCustomizer@0, org.springframework.boot.test.web.client.TestRestTemplateContextCustomizer@1af146, org.springframework.boot.test.context.SpringBootTestArgs@1, org.springframework.boot.test.context.SpringBootTestWebEnvironment@51bd8b5c], resourceBasePath = 'src/main/webapp', contextLoader = 'org.springframework.boot.test.context.SpringBootContextLoader', parent = [null]], attributes = map['org.springframework.test.context.web.ServletTestExecutionListener.activateListener' -> false]], class annotated with @DirtiesContext [false] with mode [null].
17:17:09.745 [Test worker] DEBUG org.springframework.test.context.support.DependencyInjectionTestExecutionListener - Performing dependency injection for test context [[DefaultTestContext@18e8473e testClass = IndexControllerTest, testInstance = com.kyko.book.springboot.web.IndexControllerTest@3f3c966c, testMethod = [null], testException = [null], mergedContextConfiguration = [WebMergedContextConfiguration@5a2f016d testClass = IndexControllerTest, locations = '{}', classes = '{class com.kyko.book.springboot.Application}', contextInitializerClasses = '[]', activeProfiles = '{}', propertySourceLocations = '{}', propertySourceProperties = '{org.springframework.boot.test.context.SpringBootTestContextBootstrapper=true, server.port=0}', contextCustomizers = set[org.springframework.boot.test.autoconfigure.actuate.metrics.MetricsExportContextCustomizerFactory$DisableMetricExportContextCustomizer@45905bff, org.springframework.boot.test.autoconfigure.properties.PropertyMappingContextCustomizer@0, org.springframework.boot.test.autoconfigure.web.servlet.WebDriverContextCustomizerFactory$Customizer@7e22550a, org.springframework.boot.test.context.filter.ExcludeFilterContextCustomizer@5bc9ba1d, org.springframework.boot.test.json.DuplicateJsonObjectContextCustomizerFactory$DuplicateJsonObjectContextCustomizer@488eb7f2, org.springframework.boot.test.mock.mockito.MockitoContextCustomizer@0, org.springframework.boot.test.web.client.TestRestTemplateContextCustomizer@1af146, org.springframework.boot.test.context.SpringBootTestArgs@1, org.springframework.boot.test.context.SpringBootTestWebEnvironment@51bd8b5c], resourceBasePath = 'src/main/webapp', contextLoader = 'org.springframework.boot.test.context.SpringBootContextLoader', parent = [null]], attributes = map['org.springframework.test.context.web.ServletTestExecutionListener.activateListener' -> false]]].
17:17:09.767 [Test worker] DEBUG org.springframework.test.context.support.TestPropertySourceUtils - Adding inlined properties to environment: {spring.jmx.enabled=false, org.springframework.boot.test.context.SpringBootTestContextBootstrapper=true, server.port=0}

  .   ____          _            __ _ _
 /\\ / ___'_ __ _ _(_)_ __  __ _ \ \ \ \
( ( )\___ | '_ | '_| | '_ \/ _` | \ \ \ \
 \\/  ___)| |_)| | | | | || (_| |  ) ) ) )
  '  |____| .__|_| |_|_| |_\__, | / / / /
 =========|_|==============|___/=/_/_/_/
 :: Spring Boot ::                (v2.4.1)

2023-08-03 17:17:10.114  INFO 14244 --- [    Test worker] c.k.b.s.web.IndexControllerTest          : Starting IndexControllerTest using Java 11.0.12 on DESKTOP-2GQNGGV with PID 14244 (started by KoKyungNam in C:\Users\KoKyungNam\Desktop\Spring)
2023-08-03 17:17:10.116  INFO 14244 --- [    Test worker] c.k.b.s.web.IndexControllerTest          : No active profile set, falling back to default profiles: default
2023-08-03 17:17:10.720  INFO 14244 --- [    Test worker] .s.d.r.c.RepositoryConfigurationDelegate : Bootstrapping Spring Data JPA repositories in DEFAULT mode.
2023-08-03 17:17:10.780  INFO 14244 --- [    Test worker] .s.d.r.c.RepositoryConfigurationDelegate : Finished Spring Data repository scanning in 53 ms. Found 1 JPA repository interfaces.
2023-08-03 17:17:11.454  INFO 14244 --- [    Test worker] o.s.b.w.embedded.tomcat.TomcatWebServer  : Tomcat initialized with port(s): 0 (http)
2023-08-03 17:17:11.468  INFO 14244 --- [    Test worker] o.apache.catalina.core.StandardService   : Starting service [Tomcat]
2023-08-03 17:17:11.468  INFO 14244 --- [    Test worker] org.apache.catalina.core.StandardEngine  : Starting Servlet engine: [Apache Tomcat/9.0.41]
2023-08-03 17:17:11.621  INFO 14244 --- [    Test worker] o.a.c.c.C.[Tomcat].[localhost].[/]       : Initializing Spring embedded WebApplicationContext
2023-08-03 17:17:11.622  INFO 14244 --- [    Test worker] w.s.c.ServletWebServerApplicationContext : Root WebApplicationContext: initialization completed in 1484 ms
2023-08-03 17:17:11.962  INFO 14244 --- [    Test worker] o.hibernate.jpa.internal.util.LogHelper  : HHH000204: Processing PersistenceUnitInfo [name: default]
2023-08-03 17:17:12.033  INFO 14244 --- [    Test worker] org.hibernate.Version                    : HHH000412: Hibernate ORM core version 5.4.25.Final
2023-08-03 17:17:12.217  INFO 14244 --- [    Test worker] o.hibernate.annotations.common.Version   : HCANN000001: Hibernate Commons Annotations {5.1.2.Final}
2023-08-03 17:17:12.258 DEBUG 14244 --- [    Test worker] org.hibernate.type.BasicTypeRegistry     : Adding type registration boolean -> org.hibernate.type.BooleanType@6451a288
2023-08-03 17:17:12.259 DEBUG 14244 --- [    Test worker] org.hibernate.type.BasicTypeRegistry     : Adding type registration boolean -> org.hibernate.type.BooleanType@6451a288
2023-08-03 17:17:12.259 DEBUG 14244 --- [    Test worker] org.hibernate.type.BasicTypeRegistry     : Adding type registration java.lang.Boolean -> org.hibernate.type.BooleanType@6451a288
2023-08-03 17:17:12.260 DEBUG 14244 --- [    Test worker] org.hibernate.type.BasicTypeRegistry     : Adding type registration numeric_boolean -> org.hibernate.type.NumericBooleanType@7198ab9a
2023-08-03 17:17:12.260 DEBUG 14244 --- [    Test worker] org.hibernate.type.BasicTypeRegistry     : Adding type registration true_false -> org.hibernate.type.TrueFalseType@2913ca3e
2023-08-03 17:17:12.261 DEBUG 14244 --- [    Test worker] org.hibernate.type.BasicTypeRegistry     : Adding type registration yes_no -> org.hibernate.type.YesNoType@734f8317
2023-08-03 17:17:12.263 DEBUG 14244 --- [    Test worker] org.hibernate.type.BasicTypeRegistry     : Adding type registration byte -> org.hibernate.type.ByteType@38d42ab7
2023-08-03 17:17:12.263 DEBUG 14244 --- [    Test worker] org.hibernate.type.BasicTypeRegistry     : Adding type registration byte -> org.hibernate.type.ByteType@38d42ab7
2023-08-03 17:17:12.263 DEBUG 14244 --- [    Test worker] org.hibernate.type.BasicTypeRegistry     : Adding type registration java.lang.Byte -> org.hibernate.type.ByteType@38d42ab7
2023-08-03 17:17:12.265 DEBUG 14244 --- [    Test worker] org.hibernate.type.BasicTypeRegistry     : Adding type registration character -> org.hibernate.type.CharacterType@8f6b4ab
2023-08-03 17:17:12.265 DEBUG 14244 --- [    Test worker] org.hibernate.type.BasicTypeRegistry     : Adding type registration char -> org.hibernate.type.CharacterType@8f6b4ab
2023-08-03 17:17:12.266 DEBUG 14244 --- [    Test worker] org.hibernate.type.BasicTypeRegistry     : Adding type registration java.lang.Character -> org.hibernate.type.CharacterType@8f6b4ab
2023-08-03 17:17:12.267 DEBUG 14244 --- [    Test worker] org.hibernate.type.BasicTypeRegistry     : Adding type registration short -> org.hibernate.type.ShortType@6723cce7
2023-08-03 17:17:12.268 DEBUG 14244 --- [    Test worker] org.hibernate.type.BasicTypeRegistry     : Adding type registration short -> org.hibernate.type.ShortType@6723cce7
2023-08-03 17:17:12.268 DEBUG 14244 --- [    Test worker] org.hibernate.type.BasicTypeRegistry     : Adding type registration java.lang.Short -> org.hibernate.type.ShortType@6723cce7
2023-08-03 17:17:12.269 DEBUG 14244 --- [    Test worker] org.hibernate.type.BasicTypeRegistry     : Adding type registration integer -> org.hibernate.type.IntegerType@261275ae
2023-08-03 17:17:12.269 DEBUG 14244 --- [    Test worker] org.hibernate.type.BasicTypeRegistry     : Adding type registration int -> org.hibernate.type.IntegerType@261275ae
2023-08-03 17:17:12.270 DEBUG 14244 --- [    Test worker] org.hibernate.type.BasicTypeRegistry     : Adding type registration java.lang.Integer -> org.hibernate.type.IntegerType@261275ae
2023-08-03 17:17:12.271 DEBUG 14244 --- [    Test worker] org.hibernate.type.BasicTypeRegistry     : Adding type registration long -> org.hibernate.type.LongType@60ed0b9d
2023-08-03 17:17:12.272 DEBUG 14244 --- [    Test worker] org.hibernate.type.BasicTypeRegistry     : Adding type registration long -> org.hibernate.type.LongType@60ed0b9d
2023-08-03 17:17:12.272 DEBUG 14244 --- [    Test worker] org.hibernate.type.BasicTypeRegistry     : Adding type registration java.lang.Long -> org.hibernate.type.LongType@60ed0b9d
2023-08-03 17:17:12.273 DEBUG 14244 --- [    Test worker] org.hibernate.type.BasicTypeRegistry     : Adding type registration float -> org.hibernate.type.FloatType@2d73e8c4
2023-08-03 17:17:12.273 DEBUG 14244 --- [    Test worker] org.hibernate.type.BasicTypeRegistry     : Adding type registration float -> org.hibernate.type.FloatType@2d73e8c4
2023-08-03 17:17:12.273 DEBUG 14244 --- [    Test worker] org.hibernate.type.BasicTypeRegistry     : Adding type registration java.lang.Float -> org.hibernate.type.FloatType@2d73e8c4
2023-08-03 17:17:12.274 DEBUG 14244 --- [    Test worker] org.hibernate.type.BasicTypeRegistry     : Adding type registration double -> org.hibernate.type.DoubleType@52d9d817
2023-08-03 17:17:12.275 DEBUG 14244 --- [    Test worker] org.hibernate.type.BasicTypeRegistry     : Adding type registration double -> org.hibernate.type.DoubleType@52d9d817
2023-08-03 17:17:12.275 DEBUG 14244 --- [    Test worker] org.hibernate.type.BasicTypeRegistry     : Adding type registration java.lang.Double -> org.hibernate.type.DoubleType@52d9d817
2023-08-03 17:17:12.276 DEBUG 14244 --- [    Test worker] org.hibernate.type.BasicTypeRegistry     : Adding type registration big_decimal -> org.hibernate.type.BigDecimalType@a1e912f
2023-08-03 17:17:12.276 DEBUG 14244 --- [    Test worker] org.hibernate.type.BasicTypeRegistry     : Adding type registration java.math.BigDecimal -> org.hibernate.type.BigDecimalType@a1e912f
2023-08-03 17:17:12.277 DEBUG 14244 --- [    Test worker] org.hibernate.type.BasicTypeRegistry     : Adding type registration big_integer -> org.hibernate.type.BigIntegerType@3ae2702a
2023-08-03 17:17:12.277 DEBUG 14244 --- [    Test worker] org.hibernate.type.BasicTypeRegistry     : Adding type registration java.math.BigInteger -> org.hibernate.type.BigIntegerType@3ae2702a
2023-08-03 17:17:12.278 DEBUG 14244 --- [    Test worker] org.hibernate.type.BasicTypeRegistry     : Adding type registration string -> org.hibernate.type.StringType@20dd5870
2023-08-03 17:17:12.279 DEBUG 14244 --- [    Test worker] org.hibernate.type.BasicTypeRegistry     : Adding type registration java.lang.String -> org.hibernate.type.StringType@20dd5870
2023-08-03 17:17:12.279 DEBUG 14244 --- [    Test worker] org.hibernate.type.BasicTypeRegistry     : Adding type registration nstring -> org.hibernate.type.StringNVarcharType@24405466
2023-08-03 17:17:12.280 DEBUG 14244 --- [    Test worker] org.hibernate.type.BasicTypeRegistry     : Adding type registration ncharacter -> org.hibernate.type.CharacterNCharType@21280cbb
2023-08-03 17:17:12.281 DEBUG 14244 --- [    Test worker] org.hibernate.type.BasicTypeRegistry     : Adding type registration url -> org.hibernate.type.UrlType@2c7ad4f3
2023-08-03 17:17:12.281 DEBUG 14244 --- [    Test worker] org.hibernate.type.BasicTypeRegistry     : Adding type registration java.net.URL -> org.hibernate.type.UrlType@2c7ad4f3
2023-08-03 17:17:12.282 DEBUG 14244 --- [    Test worker] org.hibernate.type.BasicTypeRegistry     : Adding type registration Duration -> org.hibernate.type.DurationType@3dbb3fb7
2023-08-03 17:17:12.282 DEBUG 14244 --- [    Test worker] org.hibernate.type.BasicTypeRegistry     : Adding type registration java.time.Duration -> org.hibernate.type.DurationType@3dbb3fb7
2023-08-03 17:17:12.283 DEBUG 14244 --- [    Test worker] org.hibernate.type.BasicTypeRegistry     : Adding type registration Instant -> org.hibernate.type.InstantType@7bf65e0f
2023-08-03 17:17:12.283 DEBUG 14244 --- [    Test worker] org.hibernate.type.BasicTypeRegistry     : Adding type registration java.time.Instant -> org.hibernate.type.InstantType@7bf65e0f
2023-08-03 17:17:12.284 DEBUG 14244 --- [    Test worker] org.hibernate.type.BasicTypeRegistry     : Adding type registration LocalDateTime -> org.hibernate.type.LocalDateTimeType@4b343b6d
2023-08-03 17:17:12.284 DEBUG 14244 --- [    Test worker] org.hibernate.type.BasicTypeRegistry     : Adding type registration java.time.LocalDateTime -> org.hibernate.type.LocalDateTimeType@4b343b6d
2023-08-03 17:17:12.286 DEBUG 14244 --- [    Test worker] org.hibernate.type.BasicTypeRegistry     : Adding type registration LocalDate -> org.hibernate.type.LocalDateType@7645e64
2023-08-03 17:17:12.287 DEBUG 14244 --- [    Test worker] org.hibernate.type.BasicTypeRegistry     : Adding type registration java.time.LocalDate -> org.hibernate.type.LocalDateType@7645e64
2023-08-03 17:17:12.288 DEBUG 14244 --- [    Test worker] org.hibernate.type.BasicTypeRegistry     : Adding type registration LocalTime -> org.hibernate.type.LocalTimeType@11574592
2023-08-03 17:17:12.288 DEBUG 14244 --- [    Test worker] org.hibernate.type.BasicTypeRegistry     : Adding type registration java.time.LocalTime -> org.hibernate.type.LocalTimeType@11574592
2023-08-03 17:17:12.289 DEBUG 14244 --- [    Test worker] org.hibernate.type.BasicTypeRegistry     : Adding type registration OffsetDateTime -> org.hibernate.type.OffsetDateTimeType@13234ac9
2023-08-03 17:17:12.289 DEBUG 14244 --- [    Test worker] org.hibernate.type.BasicTypeRegistry     : Adding type registration java.time.OffsetDateTime -> org.hibernate.type.OffsetDateTimeType@13234ac9
2023-08-03 17:17:12.290 DEBUG 14244 --- [    Test worker] org.hibernate.type.BasicTypeRegistry     : Adding type registration OffsetTime -> org.hibernate.type.OffsetTimeType@2513155a
2023-08-03 17:17:12.290 DEBUG 14244 --- [    Test worker] org.hibernate.type.BasicTypeRegistry     : Adding type registration java.time.OffsetTime -> org.hibernate.type.OffsetTimeType@2513155a
2023-08-03 17:17:12.292 DEBUG 14244 --- [    Test worker] org.hibernate.type.BasicTypeRegistry     : Adding type registration ZonedDateTime -> org.hibernate.type.ZonedDateTimeType@353b0719
2023-08-03 17:17:12.292 DEBUG 14244 --- [    Test worker] org.hibernate.type.BasicTypeRegistry     : Adding type registration java.time.ZonedDateTime -> org.hibernate.type.ZonedDateTimeType@353b0719
2023-08-03 17:17:12.294 DEBUG 14244 --- [    Test worker] org.hibernate.type.BasicTypeRegistry     : Adding type registration date -> org.hibernate.type.DateType@3eb9c575
2023-08-03 17:17:12.294 DEBUG 14244 --- [    Test worker] org.hibernate.type.BasicTypeRegistry     : Adding type registration java.sql.Date -> org.hibernate.type.DateType@3eb9c575
2023-08-03 17:17:12.295 DEBUG 14244 --- [    Test worker] org.hibernate.type.BasicTypeRegistry     : Adding type registration time -> org.hibernate.type.TimeType@708769b7
2023-08-03 17:17:12.295 DEBUG 14244 --- [    Test worker] org.hibernate.type.BasicTypeRegistry     : Adding type registration java.sql.Time -> org.hibernate.type.TimeType@708769b7
2023-08-03 17:17:12.296 DEBUG 14244 --- [    Test worker] org.hibernate.type.BasicTypeRegistry     : Adding type registration timestamp -> org.hibernate.type.TimestampType@41167ded
2023-08-03 17:17:12.296 DEBUG 14244 --- [    Test worker] org.hibernate.type.BasicTypeRegistry     : Adding type registration java.sql.Timestamp -> org.hibernate.type.TimestampType@41167ded
2023-08-03 17:17:12.296 DEBUG 14244 --- [    Test worker] org.hibernate.type.BasicTypeRegistry     : Adding type registration java.util.Date -> org.hibernate.type.TimestampType@41167ded
2023-08-03 17:17:12.298 DEBUG 14244 --- [    Test worker] org.hibernate.type.BasicTypeRegistry     : Adding type registration dbtimestamp -> org.hibernate.type.DbTimestampType@41938e1e
2023-08-03 17:17:12.299 DEBUG 14244 --- [    Test worker] org.hibernate.type.BasicTypeRegistry     : Adding type registration calendar -> org.hibernate.type.CalendarType@525b8922
2023-08-03 17:17:12.300 DEBUG 14244 --- [    Test worker] org.hibernate.type.BasicTypeRegistry     : Adding type registration java.util.Calendar -> org.hibernate.type.CalendarType@525b8922
2023-08-03 17:17:12.300 DEBUG 14244 --- [    Test worker] org.hibernate.type.BasicTypeRegistry     : Adding type registration java.util.GregorianCalendar -> org.hibernate.type.CalendarType@525b8922
2023-08-03 17:17:12.300 DEBUG 14244 --- [    Test worker] org.hibernate.type.BasicTypeRegistry     : Adding type registration calendar_date -> org.hibernate.type.CalendarDateType@20c3b34b
2023-08-03 17:17:12.301 DEBUG 14244 --- [    Test worker] org.hibernate.type.BasicTypeRegistry     : Adding type registration calendar_time -> org.hibernate.type.CalendarTimeType@53f495f0
2023-08-03 17:17:12.302 DEBUG 14244 --- [    Test worker] org.hibernate.type.BasicTypeRegistry     : Adding type registration locale -> org.hibernate.type.LocaleType@6c5ae8fd
2023-08-03 17:17:12.302 DEBUG 14244 --- [    Test worker] org.hibernate.type.BasicTypeRegistry     : Adding type registration java.util.Locale -> org.hibernate.type.LocaleType@6c5ae8fd
2023-08-03 17:17:12.303 DEBUG 14244 --- [    Test worker] org.hibernate.type.BasicTypeRegistry     : Adding type registration currency -> org.hibernate.type.CurrencyType@5dd6a4c8
2023-08-03 17:17:12.303 DEBUG 14244 --- [    Test worker] org.hibernate.type.BasicTypeRegistry     : Adding type registration java.util.Currency -> org.hibernate.type.CurrencyType@5dd6a4c8
2023-08-03 17:17:12.304 DEBUG 14244 --- [    Test worker] org.hibernate.type.BasicTypeRegistry     : Adding type registration timezone -> org.hibernate.type.TimeZoneType@77c692b4
2023-08-03 17:17:12.304 DEBUG 14244 --- [    Test worker] org.hibernate.type.BasicTypeRegistry     : Adding type registration java.util.TimeZone -> org.hibernate.type.TimeZoneType@77c692b4
2023-08-03 17:17:12.305 DEBUG 14244 --- [    Test worker] org.hibernate.type.BasicTypeRegistry     : Adding type registration class -> org.hibernate.type.ClassType@674aa626
2023-08-03 17:17:12.305 DEBUG 14244 --- [    Test worker] org.hibernate.type.BasicTypeRegistry     : Adding type registration java.lang.Class -> org.hibernate.type.ClassType@674aa626
2023-08-03 17:17:12.306 DEBUG 14244 --- [    Test worker] org.hibernate.type.BasicTypeRegistry     : Adding type registration uuid-binary -> org.hibernate.type.UUIDBinaryType@7d6c4079
2023-08-03 17:17:12.306 DEBUG 14244 --- [    Test worker] org.hibernate.type.BasicTypeRegistry     : Adding type registration java.util.UUID -> org.hibernate.type.UUIDBinaryType@7d6c4079
2023-08-03 17:17:12.306 DEBUG 14244 --- [    Test worker] org.hibernate.type.BasicTypeRegistry     : Adding type registration uuid-char -> org.hibernate.type.UUIDCharType@284d4885
2023-08-03 17:17:12.308 DEBUG 14244 --- [    Test worker] org.hibernate.type.BasicTypeRegistry     : Adding type registration binary -> org.hibernate.type.BinaryType@28f05b0c
2023-08-03 17:17:12.308 DEBUG 14244 --- [    Test worker] org.hibernate.type.BasicTypeRegistry     : Adding type registration byte[] -> org.hibernate.type.BinaryType@28f05b0c
2023-08-03 17:17:12.308 DEBUG 14244 --- [    Test worker] org.hibernate.type.BasicTypeRegistry     : Adding type registration [B -> org.hibernate.type.BinaryType@28f05b0c
2023-08-03 17:17:12.310 DEBUG 14244 --- [    Test worker] org.hibernate.type.BasicTypeRegistry     : Adding type registration wrapper-binary -> org.hibernate.type.WrapperBinaryType@7540160e
2023-08-03 17:17:12.310 DEBUG 14244 --- [    Test worker] org.hibernate.type.BasicTypeRegistry     : Adding type registration Byte[] -> org.hibernate.type.WrapperBinaryType@7540160e
2023-08-03 17:17:12.310 DEBUG 14244 --- [    Test worker] org.hibernate.type.BasicTypeRegistry     : Adding type registration [Ljava.lang.Byte; -> org.hibernate.type.WrapperBinaryType@7540160e
2023-08-03 17:17:12.312 DEBUG 14244 --- [    Test worker] org.hibernate.type.BasicTypeRegistry     : Adding type registration row_version -> org.hibernate.type.RowVersionType@1bfa3893
2023-08-03 17:17:12.312 DEBUG 14244 --- [    Test worker] org.hibernate.type.BasicTypeRegistry     : Adding type registration image -> org.hibernate.type.ImageType@4070ace9
2023-08-03 17:17:12.313 DEBUG 14244 --- [    Test worker] org.hibernate.type.BasicTypeRegistry     : Adding type registration characters -> org.hibernate.type.CharArrayType@1fc1c7e
2023-08-03 17:17:12.314 DEBUG 14244 --- [    Test worker] org.hibernate.type.BasicTypeRegistry     : Adding type registration char[] -> org.hibernate.type.CharArrayType@1fc1c7e
2023-08-03 17:17:12.314 DEBUG 14244 --- [    Test worker] org.hibernate.type.BasicTypeRegistry     : Adding type registration [C -> org.hibernate.type.CharArrayType@1fc1c7e
2023-08-03 17:17:12.315 DEBUG 14244 --- [    Test worker] org.hibernate.type.BasicTypeRegistry     : Adding type registration wrapper-characters -> org.hibernate.type.CharacterArrayType@24a3d414
2023-08-03 17:17:12.315 DEBUG 14244 --- [    Test worker] org.hibernate.type.BasicTypeRegistry     : Adding type registration [Ljava.lang.Character; -> org.hibernate.type.CharacterArrayType@24a3d414
2023-08-03 17:17:12.315 DEBUG 14244 --- [    Test worker] org.hibernate.type.BasicTypeRegistry     : Adding type registration Character[] -> org.hibernate.type.CharacterArrayType@24a3d414
2023-08-03 17:17:12.316 DEBUG 14244 --- [    Test worker] org.hibernate.type.BasicTypeRegistry     : Adding type registration text -> org.hibernate.type.TextType@5871a482
2023-08-03 17:17:12.316 DEBUG 14244 --- [    Test worker] org.hibernate.type.BasicTypeRegistry     : Adding type registration ntext -> org.hibernate.type.NTextType@58f7215c
2023-08-03 17:17:12.318 DEBUG 14244 --- [    Test worker] org.hibernate.type.BasicTypeRegistry     : Adding type registration blob -> org.hibernate.type.BlobType@7019d619
2023-08-03 17:17:12.318 DEBUG 14244 --- [    Test worker] org.hibernate.type.BasicTypeRegistry     : Adding type registration java.sql.Blob -> org.hibernate.type.BlobType@7019d619
2023-08-03 17:17:12.318 DEBUG 14244 --- [    Test worker] org.hibernate.type.BasicTypeRegistry     : Adding type registration materialized_blob -> org.hibernate.type.MaterializedBlobType@31f7eb8
2023-08-03 17:17:12.320 DEBUG 14244 --- [    Test worker] org.hibernate.type.BasicTypeRegistry     : Adding type registration clob -> org.hibernate.type.ClobType@156324b
2023-08-03 17:17:12.320 DEBUG 14244 --- [    Test worker] org.hibernate.type.BasicTypeRegistry     : Adding type registration java.sql.Clob -> org.hibernate.type.ClobType@156324b
2023-08-03 17:17:12.321 DEBUG 14244 --- [    Test worker] org.hibernate.type.BasicTypeRegistry     : Adding type registration nclob -> org.hibernate.type.NClobType@2a425cf5
2023-08-03 17:17:12.322 DEBUG 14244 --- [    Test worker] org.hibernate.type.BasicTypeRegistry     : Adding type registration java.sql.NClob -> org.hibernate.type.NClobType@2a425cf5
2023-08-03 17:17:12.322 DEBUG 14244 --- [    Test worker] org.hibernate.type.BasicTypeRegistry     : Adding type registration materialized_clob -> org.hibernate.type.MaterializedClobType@1de73d37
2023-08-03 17:17:12.323 DEBUG 14244 --- [    Test worker] org.hibernate.type.BasicTypeRegistry     : Adding type registration materialized_nclob -> org.hibernate.type.MaterializedNClobType@3b30eec5
2023-08-03 17:17:12.325 DEBUG 14244 --- [    Test worker] org.hibernate.type.BasicTypeRegistry     : Adding type registration serializable -> org.hibernate.type.SerializableType@12aa519b
2023-08-03 17:17:12.329 DEBUG 14244 --- [    Test worker] org.hibernate.type.BasicTypeRegistry     : Adding type registration object -> org.hibernate.type.ObjectType@66ab924
2023-08-03 17:17:12.329 DEBUG 14244 --- [    Test worker] org.hibernate.type.BasicTypeRegistry     : Adding type registration java.lang.Object -> org.hibernate.type.ObjectType@66ab924
2023-08-03 17:17:12.330 DEBUG 14244 --- [    Test worker] org.hibernate.type.BasicTypeRegistry     : Adding type registration imm_date -> org.hibernate.type.AdaptedImmutableType@4c030fe1
2023-08-03 17:17:12.330 DEBUG 14244 --- [    Test worker] org.hibernate.type.BasicTypeRegistry     : Adding type registration imm_time -> org.hibernate.type.AdaptedImmutableType@347123dc
2023-08-03 17:17:12.330 DEBUG 14244 --- [    Test worker] org.hibernate.type.BasicTypeRegistry     : Adding type registration imm_timestamp -> org.hibernate.type.AdaptedImmutableType@52433946
2023-08-03 17:17:12.331 DEBUG 14244 --- [    Test worker] org.hibernate.type.BasicTypeRegistry     : Adding type registration imm_dbtimestamp -> org.hibernate.type.AdaptedImmutableType@5403431a
2023-08-03 17:17:12.331 DEBUG 14244 --- [    Test worker] org.hibernate.type.BasicTypeRegistry     : Adding type registration imm_calendar -> org.hibernate.type.AdaptedImmutableType@ab327c
2023-08-03 17:17:12.331 DEBUG 14244 --- [    Test worker] org.hibernate.type.BasicTypeRegistry     : Adding type registration imm_calendar_date -> org.hibernate.type.AdaptedImmutableType@3d798e76
2023-08-03 17:17:12.331 DEBUG 14244 --- [    Test worker] org.hibernate.type.BasicTypeRegistry     : Adding type registration imm_binary -> org.hibernate.type.AdaptedImmutableType@763b0996
2023-08-03 17:17:12.331 DEBUG 14244 --- [    Test worker] org.hibernate.type.BasicTypeRegistry     : Adding type registration imm_serializable -> org.hibernate.type.AdaptedImmutableType@386e9fd8
2023-08-03 17:17:12.384  INFO 14244 --- [    Test worker] com.zaxxer.hikari.HikariDataSource       : HikariPool-1 - Starting...
2023-08-03 17:17:12.464  INFO 14244 --- [    Test worker] com.zaxxer.hikari.HikariDataSource       : HikariPool-1 - Start completed.
2023-08-03 17:17:12.508  INFO 14244 --- [    Test worker] org.hibernate.dialect.Dialect            : HHH000400: Using dialect: org.hibernate.dialect.H2Dialect
2023-08-03 17:17:12.582 DEBUG 14244 --- [    Test worker] o.h.type.spi.TypeConfiguration$Scope     : Scoping TypeConfiguration [org.hibernate.type.spi.TypeConfiguration@4e9e0c6] to MetadataBuildingContext [org.hibernate.boot.internal.MetadataBuildingContextRootImpl@1a819901]
2023-08-03 17:17:12.852 DEBUG 14244 --- [    Test worker] o.h.type.spi.TypeConfiguration$Scope     : Scoping TypeConfiguration [org.hibernate.type.spi.TypeConfiguration@4e9e0c6] to SessionFactoryImpl [org.hibernate.internal.SessionFactoryImpl@4d525897]
2023-08-03 17:17:13.221 DEBUG 14244 --- [    Test worker] org.hibernate.SQL                        : 
    
    drop table if exists posts CASCADE 
Hibernate: 
    
    drop table if exists posts CASCADE 
2023-08-03 17:17:13.229 DEBUG 14244 --- [    Test worker] org.hibernate.SQL                        : 
    
    create table posts (
       id bigint generated by default as identity,
        created_date timestamp,
        modified_date timestamp,
        author varchar(255),
        content TEXT not null,
        title varchar(500) not null,
        primary key (id)
    )
Hibernate: 
    
    create table posts (
       id bigint generated by default as identity,
        created_date timestamp,
        modified_date timestamp,
        author varchar(255),
        content TEXT not null,
        title varchar(500) not null,
        primary key (id)
    )
2023-08-03 17:17:13.232  INFO 14244 --- [    Test worker] o.h.e.t.j.p.i.JtaPlatformInitiator       : HHH000490: Using JtaPlatform implementation: [org.hibernate.engine.transaction.jta.platform.internal.NoJtaPlatform]
2023-08-03 17:17:13.239 TRACE 14244 --- [    Test worker] o.h.type.spi.TypeConfiguration$Scope     : Handling #sessionFactoryCreated from [org.hibernate.internal.SessionFactoryImpl@4d525897] for TypeConfiguration
2023-08-03 17:17:13.242  INFO 14244 --- [    Test worker] j.LocalContainerEntityManagerFactoryBean : Initialized JPA EntityManagerFactory for persistence unit 'default'
2023-08-03 17:17:13.880  INFO 14244 --- [    Test worker] o.s.s.concurrent.ThreadPoolTaskExecutor  : Initializing ExecutorService 'applicationTaskExecutor'
2023-08-03 17:17:14.014  INFO 14244 --- [    Test worker] o.s.b.a.w.s.WelcomePageHandlerMapping    : Adding welcome page template: index
2023-08-03 17:17:14.375  INFO 14244 --- [    Test worker] o.s.b.w.embedded.tomcat.TomcatWebServer  : Tomcat started on port(s): 50394 (http) with context path ''
2023-08-03 17:17:14.384  INFO 14244 --- [    Test worker] c.k.b.s.web.IndexControllerTest          : Started IndexControllerTest in 4.614 seconds (JVM running for 6.148)
2023-08-03 17:17:14.647  INFO 14244 --- [o-auto-1-exec-1] o.a.c.c.C.[Tomcat].[localhost].[/]       : Initializing Spring DispatcherServlet 'dispatcherServlet'
2023-08-03 17:17:14.648  INFO 14244 --- [o-auto-1-exec-1] o.s.web.servlet.DispatcherServlet        : Initializing Servlet 'dispatcherServlet'
2023-08-03 17:17:14.649  INFO 14244 --- [o-auto-1-exec-1] o.s.web.servlet.DispatcherServlet        : Completed initialization in 1 ms
]]></system-out>
  <system-err><![CDATA[]]></system-err>
</testsuite>
