<?xml version="1.0" encoding="UTF-8"?>
<testsuite name="com.kyko.book.springboot.web.HelloControllerTest" tests="2" skipped="0" failures="0" errors="0" timestamp="2023-09-14T07:38:53" hostname="DESKTOP-2GQNGGV" time="0.462">
  <properties/>
  <testcase name="helloIsReturn()" classname="com.kyko.book.springboot.web.HelloControllerTest" time="0.232"/>
  <testcase name="helloDto가_리턴된다()" classname="com.kyko.book.springboot.web.HelloControllerTest" time="0.228"/>
  <system-out><![CDATA[2023-09-14 16:38:51.667  INFO 31556 --- [    Test worker] .b.t.a.w.s.WebMvcTestContextBootstrapper : Neither @ContextConfiguration nor @ContextHierarchy found for test class [com.kyko.book.springboot.web.HelloControllerTest], using SpringBootContextLoader
2023-09-14 16:38:51.670  INFO 31556 --- [    Test worker] o.s.t.c.support.AbstractContextLoader    : Could not detect default resource locations for test class [com.kyko.book.springboot.web.HelloControllerTest]: no resource found for suffixes {-context.xml, Context.groovy}.
2023-09-14 16:38:51.670  INFO 31556 --- [    Test worker] t.c.s.AnnotationConfigContextLoaderUtils : Could not detect default configuration classes for test class [com.kyko.book.springboot.web.HelloControllerTest]: HelloControllerTest does not declare any static, non-private, non-final, nested classes annotated with @Configuration.
2023-09-14 16:38:51.725  INFO 31556 --- [    Test worker] .b.t.c.SpringBootTestContextBootstrapper : Found @SpringBootConfiguration com.kyko.book.springboot.Application for test class com.kyko.book.springboot.web.HelloControllerTest
2023-09-14 16:38:51.727  INFO 31556 --- [    Test worker] .b.t.a.w.s.WebMvcTestContextBootstrapper : Loaded default TestExecutionListener class names from location [META-INF/spring.factories]: [org.springframework.security.test.context.support.WithSecurityContextTestExecutionListener, org.springframework.security.test.context.support.ReactorContextTestExecutionListener, org.springframework.boot.test.autoconfigure.restdocs.RestDocsTestExecutionListener, org.springframework.boot.test.autoconfigure.web.client.MockRestServiceServerResetTestExecutionListener, org.springframework.boot.test.autoconfigure.web.servlet.MockMvcPrintOnlyOnFailureTestExecutionListener, org.springframework.boot.test.autoconfigure.web.servlet.WebDriverTestExecutionListener, org.springframework.boot.test.autoconfigure.webservices.client.MockWebServiceServerTestExecutionListener, org.springframework.boot.test.mock.mockito.MockitoTestExecutionListener, org.springframework.boot.test.mock.mockito.ResetMocksTestExecutionListener, org.springframework.test.context.web.ServletTestExecutionListener, org.springframework.test.context.support.DirtiesContextBeforeModesTestExecutionListener, org.springframework.test.context.support.DependencyInjectionTestExecutionListener, org.springframework.test.context.support.DirtiesContextTestExecutionListener, org.springframework.test.context.transaction.TransactionalTestExecutionListener, org.springframework.test.context.jdbc.SqlScriptsTestExecutionListener, org.springframework.test.context.event.EventPublishingTestExecutionListener]
2023-09-14 16:38:51.730  INFO 31556 --- [    Test worker] .b.t.a.w.s.WebMvcTestContextBootstrapper : Using TestExecutionListeners: [org.springframework.test.context.web.ServletTestExecutionListener@56511eda, org.springframework.test.context.support.DirtiesContextBeforeModesTestExecutionListener@303a484e, org.springframework.boot.test.mock.mockito.MockitoTestExecutionListener@760f4310, org.springframework.boot.test.autoconfigure.SpringBootDependencyInjectionTestExecutionListener@3b9d85c2, org.springframework.test.context.support.DirtiesContextTestExecutionListener@65e4eba5, org.springframework.test.context.transaction.TransactionalTestExecutionListener@77eb76f, org.springframework.test.context.jdbc.SqlScriptsTestExecutionListener@be56353, org.springframework.security.test.context.support.WithSecurityContextTestExecutionListener@5c815478, org.springframework.test.context.event.EventPublishingTestExecutionListener@1efa258e, org.springframework.security.test.context.support.ReactorContextTestExecutionListener@6ccd3cf1, org.springframework.boot.test.autoconfigure.restdocs.RestDocsTestExecutionListener@4c9235c0, org.springframework.boot.test.autoconfigure.web.client.MockRestServiceServerResetTestExecutionListener@1ae69abe, org.springframework.boot.test.autoconfigure.web.servlet.MockMvcPrintOnlyOnFailureTestExecutionListener@557f0a39, org.springframework.boot.test.autoconfigure.web.servlet.WebDriverTestExecutionListener@50508ed3, org.springframework.boot.test.autoconfigure.webservices.client.MockWebServiceServerTestExecutionListener@d319d2c, org.springframework.boot.test.mock.mockito.ResetMocksTestExecutionListener@23acd55e]

  .   ____          _            __ _ _
 /\\ / ___'_ __ _ _(_)_ __  __ _ \ \ \ \
( ( )\___ | '_ | '_| | '_ \/ _` | \ \ \ \
 \\/  ___)| |_)| | | | | || (_| |  ) ) ) )
  '  |____| .__|_| |_|_| |_\__, | / / / /
 =========|_|==============|___/=/_/_/_/
 :: Spring Boot ::                (v2.4.1)

2023-09-14 16:38:51.800  INFO 31556 --- [    Test worker] c.k.b.s.web.HelloControllerTest          : Starting HelloControllerTest using Java 11.0.12 on DESKTOP-2GQNGGV with PID 31556 (started by KoKyungNam in C:\Users\KoKyungNam\Desktop\Spring)
2023-09-14 16:38:51.802  INFO 31556 --- [    Test worker] c.k.b.s.web.HelloControllerTest          : No active profile set, falling back to default profiles: default
2023-09-14 16:38:52.636  INFO 31556 --- [    Test worker] o.s.s.concurrent.ThreadPoolTaskExecutor  : Initializing ExecutorService 'applicationTaskExecutor'
2023-09-14 16:38:52.712  INFO 31556 --- [    Test worker] o.s.b.a.w.s.WelcomePageHandlerMapping    : Adding welcome page template: index
2023-09-14 16:38:53.581  INFO 31556 --- [    Test worker] o.s.s.web.DefaultSecurityFilterChain     : Will secure any request with [org.springframework.security.web.context.request.async.WebAsyncManagerIntegrationFilter@27879518, org.springframework.security.web.context.SecurityContextPersistenceFilter@1da53092, org.springframework.security.web.header.HeaderWriterFilter@7d29fc6, org.springframework.security.web.csrf.CsrfFilter@213d5189, org.springframework.security.web.authentication.logout.LogoutFilter@2ff4d61b, org.springframework.security.oauth2.client.web.OAuth2AuthorizationRequestRedirectFilter@1a983294, org.springframework.security.oauth2.client.web.OAuth2AuthorizationRequestRedirectFilter@7937f96e, org.springframework.security.oauth2.client.web.OAuth2LoginAuthenticationFilter@209ab1d7, org.springframework.security.web.authentication.ui.DefaultLoginPageGeneratingFilter@dfe2875, org.springframework.security.web.authentication.ui.DefaultLogoutPageGeneratingFilter@5a004dd4, org.springframework.security.web.savedrequest.RequestCacheAwareFilter@10f64bc3, org.springframework.security.web.servletapi.SecurityContextHolderAwareRequestFilter@3c9cab4, org.springframework.security.web.authentication.AnonymousAuthenticationFilter@5afbbf9b, org.springframework.security.oauth2.client.web.OAuth2AuthorizationCodeGrantFilter@3d95100f, org.springframework.security.web.session.SessionManagementFilter@10c11e36, org.springframework.security.web.access.ExceptionTranslationFilter@4ca83ec3, org.springframework.security.web.access.intercept.FilterSecurityInterceptor@24710e61]
2023-09-14 16:38:53.824  INFO 31556 --- [    Test worker] o.s.b.t.m.w.SpringBootMockServletContext : Initializing Spring TestDispatcherServlet ''
2023-09-14 16:38:53.824  INFO 31556 --- [    Test worker] o.s.t.web.servlet.TestDispatcherServlet  : Initializing Servlet ''
2023-09-14 16:38:53.826  INFO 31556 --- [    Test worker] o.s.t.web.servlet.TestDispatcherServlet  : Completed initialization in 1 ms
2023-09-14 16:38:53.868  INFO 31556 --- [    Test worker] c.k.b.s.web.HelloControllerTest          : Started HelloControllerTest in 2.132 seconds (JVM running for 24.101)
]]></system-out>
  <system-err><![CDATA[]]></system-err>
</testsuite>
