<?xml version="1.0" encoding="UTF-8"?>
<testsuite name="com.kyko.book.springboot.web.PostsApiControllerTest" tests="2" skipped="0" failures="0" errors="0" timestamp="2023-09-14T07:39:00" hostname="DESKTOP-2GQNGGV" time="0.22">
  <properties/>
  <testcase name="Posts_등록()" classname="com.kyko.book.springboot.web.PostsApiControllerTest" time="0.159"/>
  <testcase name="Posts_수정()" classname="com.kyko.book.springboot.web.PostsApiControllerTest" time="0.059"/>
  <system-out><![CDATA[2023-09-14 16:39:00.099  INFO 31556 --- [    Test worker] .b.t.c.SpringBootTestContextBootstrapper : Neither @ContextConfiguration nor @ContextHierarchy found for test class [com.kyko.book.springboot.web.PostsApiControllerTest], using SpringBootContextLoader
2023-09-14 16:39:00.103  INFO 31556 --- [    Test worker] o.s.t.c.support.AbstractContextLoader    : Could not detect default resource locations for test class [com.kyko.book.springboot.web.PostsApiControllerTest]: no resource found for suffixes {-context.xml, Context.groovy}.
2023-09-14 16:39:00.103  INFO 31556 --- [    Test worker] t.c.s.AnnotationConfigContextLoaderUtils : Could not detect default configuration classes for test class [com.kyko.book.springboot.web.PostsApiControllerTest]: PostsApiControllerTest does not declare any static, non-private, non-final, nested classes annotated with @Configuration.
2023-09-14 16:39:00.107  INFO 31556 --- [    Test worker] .b.t.c.SpringBootTestContextBootstrapper : Found @SpringBootConfiguration com.kyko.book.springboot.Application for test class com.kyko.book.springboot.web.PostsApiControllerTest
2023-09-14 16:39:00.112  INFO 31556 --- [    Test worker] .b.t.c.SpringBootTestContextBootstrapper : Loaded default TestExecutionListener class names from location [META-INF/spring.factories]: [org.springframework.security.test.context.support.WithSecurityContextTestExecutionListener, org.springframework.security.test.context.support.ReactorContextTestExecutionListener, org.springframework.boot.test.autoconfigure.restdocs.RestDocsTestExecutionListener, org.springframework.boot.test.autoconfigure.web.client.MockRestServiceServerResetTestExecutionListener, org.springframework.boot.test.autoconfigure.web.servlet.MockMvcPrintOnlyOnFailureTestExecutionListener, org.springframework.boot.test.autoconfigure.web.servlet.WebDriverTestExecutionListener, org.springframework.boot.test.autoconfigure.webservices.client.MockWebServiceServerTestExecutionListener, org.springframework.boot.test.mock.mockito.MockitoTestExecutionListener, org.springframework.boot.test.mock.mockito.ResetMocksTestExecutionListener, org.springframework.test.context.web.ServletTestExecutionListener, org.springframework.test.context.support.DirtiesContextBeforeModesTestExecutionListener, org.springframework.test.context.support.DependencyInjectionTestExecutionListener, org.springframework.test.context.support.DirtiesContextTestExecutionListener, org.springframework.test.context.transaction.TransactionalTestExecutionListener, org.springframework.test.context.jdbc.SqlScriptsTestExecutionListener, org.springframework.test.context.event.EventPublishingTestExecutionListener]
2023-09-14 16:39:00.114  INFO 31556 --- [    Test worker] .b.t.c.SpringBootTestContextBootstrapper : Using TestExecutionListeners: [org.springframework.test.context.web.ServletTestExecutionListener@5d59ad49, org.springframework.test.context.support.DirtiesContextBeforeModesTestExecutionListener@78a03662, org.springframework.boot.test.mock.mockito.MockitoTestExecutionListener@1ac32da1, org.springframework.boot.test.autoconfigure.SpringBootDependencyInjectionTestExecutionListener@3c2654e, org.springframework.test.context.support.DirtiesContextTestExecutionListener@1361b39a, org.springframework.test.context.transaction.TransactionalTestExecutionListener@6a8b94b2, org.springframework.test.context.jdbc.SqlScriptsTestExecutionListener@69a61267, org.springframework.security.test.context.support.WithSecurityContextTestExecutionListener@795ef208, org.springframework.test.context.event.EventPublishingTestExecutionListener@673d73da, org.springframework.security.test.context.support.ReactorContextTestExecutionListener@5125558b, org.springframework.boot.test.autoconfigure.restdocs.RestDocsTestExecutionListener@8c940e2, org.springframework.boot.test.autoconfigure.web.client.MockRestServiceServerResetTestExecutionListener@6092d41, org.springframework.boot.test.autoconfigure.web.servlet.MockMvcPrintOnlyOnFailureTestExecutionListener@a263df9, org.springframework.boot.test.autoconfigure.web.servlet.WebDriverTestExecutionListener@71d4b83b, org.springframework.boot.test.autoconfigure.webservices.client.MockWebServiceServerTestExecutionListener@33d828b3, org.springframework.boot.test.mock.mockito.ResetMocksTestExecutionListener@7c7478ac]
2023-09-14 16:39:00.136  INFO 31556 --- [    Test worker] o.a.c.c.C.[Tomcat].[localhost].[/]       : Initializing Spring TestDispatcherServlet ''
2023-09-14 16:39:00.136  INFO 31556 --- [    Test worker] o.s.t.web.servlet.TestDispatcherServlet  : Initializing Servlet ''
2023-09-14 16:39:00.138  INFO 31556 --- [    Test worker] o.s.t.web.servlet.TestDispatcherServlet  : Completed initialization in 2 ms
2023-09-14 16:39:00.289  INFO 31556 --- [    Test worker] o.a.c.c.C.[Tomcat].[localhost].[/]       : Initializing Spring TestDispatcherServlet ''
2023-09-14 16:39:00.289  INFO 31556 --- [    Test worker] o.s.t.web.servlet.TestDispatcherServlet  : Initializing Servlet ''
2023-09-14 16:39:00.290  INFO 31556 --- [    Test worker] o.s.t.web.servlet.TestDispatcherServlet  : Completed initialization in 1 ms
]]></system-out>
  <system-err><![CDATA[]]></system-err>
</testsuite>
