<?xml version="1.0" encoding="UTF-8"?>
<testsuite name="com.kyko.book.springboot.web.PostsApiControllerTest" tests="2" skipped="0" failures="0" errors="0" timestamp="2023-09-01T13:55:21" hostname="DESKTOP-2GQNGGV" time="0.182">
  <properties/>
  <testcase name="Posts_등록()" classname="com.kyko.book.springboot.web.PostsApiControllerTest" time="0.14"/>
  <testcase name="Posts_수정()" classname="com.kyko.book.springboot.web.PostsApiControllerTest" time="0.041"/>
  <system-out><![CDATA[2023-09-01 22:55:21.362  INFO 13252 --- [    Test worker] .b.t.c.SpringBootTestContextBootstrapper : Neither @ContextConfiguration nor @ContextHierarchy found for test class [com.kyko.book.springboot.web.PostsApiControllerTest], using SpringBootContextLoader
2023-09-01 22:55:21.364  INFO 13252 --- [    Test worker] o.s.t.c.support.AbstractContextLoader    : Could not detect default resource locations for test class [com.kyko.book.springboot.web.PostsApiControllerTest]: no resource found for suffixes {-context.xml, Context.groovy}.
2023-09-01 22:55:21.365  INFO 13252 --- [    Test worker] t.c.s.AnnotationConfigContextLoaderUtils : Could not detect default configuration classes for test class [com.kyko.book.springboot.web.PostsApiControllerTest]: PostsApiControllerTest does not declare any static, non-private, non-final, nested classes annotated with @Configuration.
2023-09-01 22:55:21.369  INFO 13252 --- [    Test worker] .b.t.c.SpringBootTestContextBootstrapper : Found @SpringBootConfiguration com.kyko.book.springboot.Application for test class com.kyko.book.springboot.web.PostsApiControllerTest
2023-09-01 22:55:21.373  INFO 13252 --- [    Test worker] .b.t.c.SpringBootTestContextBootstrapper : Loaded default TestExecutionListener class names from location [META-INF/spring.factories]: [org.springframework.security.test.context.support.WithSecurityContextTestExecutionListener, org.springframework.security.test.context.support.ReactorContextTestExecutionListener, org.springframework.boot.test.autoconfigure.restdocs.RestDocsTestExecutionListener, org.springframework.boot.test.autoconfigure.web.client.MockRestServiceServerResetTestExecutionListener, org.springframework.boot.test.autoconfigure.web.servlet.MockMvcPrintOnlyOnFailureTestExecutionListener, org.springframework.boot.test.autoconfigure.web.servlet.WebDriverTestExecutionListener, org.springframework.boot.test.autoconfigure.webservices.client.MockWebServiceServerTestExecutionListener, org.springframework.boot.test.mock.mockito.MockitoTestExecutionListener, org.springframework.boot.test.mock.mockito.ResetMocksTestExecutionListener, org.springframework.test.context.web.ServletTestExecutionListener, org.springframework.test.context.support.DirtiesContextBeforeModesTestExecutionListener, org.springframework.test.context.support.DependencyInjectionTestExecutionListener, org.springframework.test.context.support.DirtiesContextTestExecutionListener, org.springframework.test.context.transaction.TransactionalTestExecutionListener, org.springframework.test.context.jdbc.SqlScriptsTestExecutionListener, org.springframework.test.context.event.EventPublishingTestExecutionListener]
2023-09-01 22:55:21.375  INFO 13252 --- [    Test worker] .b.t.c.SpringBootTestContextBootstrapper : Using TestExecutionListeners: [org.springframework.test.context.web.ServletTestExecutionListener@122e2306, org.springframework.test.context.support.DirtiesContextBeforeModesTestExecutionListener@342615e2, org.springframework.boot.test.mock.mockito.MockitoTestExecutionListener@72548e3c, org.springframework.boot.test.autoconfigure.SpringBootDependencyInjectionTestExecutionListener@24a024c8, org.springframework.test.context.support.DirtiesContextTestExecutionListener@47f50549, org.springframework.test.context.transaction.TransactionalTestExecutionListener@43f88150, org.springframework.test.context.jdbc.SqlScriptsTestExecutionListener@158bd27d, org.springframework.security.test.context.support.WithSecurityContextTestExecutionListener@30282260, org.springframework.test.context.event.EventPublishingTestExecutionListener@5f18a661, org.springframework.security.test.context.support.ReactorContextTestExecutionListener@58ed5ed3, org.springframework.boot.test.autoconfigure.restdocs.RestDocsTestExecutionListener@133e7789, org.springframework.boot.test.autoconfigure.web.client.MockRestServiceServerResetTestExecutionListener@62f47cac, org.springframework.boot.test.autoconfigure.web.servlet.MockMvcPrintOnlyOnFailureTestExecutionListener@7845f53d, org.springframework.boot.test.autoconfigure.web.servlet.WebDriverTestExecutionListener@4a6c3720, org.springframework.boot.test.autoconfigure.webservices.client.MockWebServiceServerTestExecutionListener@2a8e93db, org.springframework.boot.test.mock.mockito.ResetMocksTestExecutionListener@6b5e8b3a]
2023-09-01 22:55:21.395  INFO 13252 --- [    Test worker] o.a.c.c.C.[Tomcat].[localhost].[/]       : Initializing Spring TestDispatcherServlet ''
2023-09-01 22:55:21.395  INFO 13252 --- [    Test worker] o.s.t.web.servlet.TestDispatcherServlet  : Initializing Servlet ''
2023-09-01 22:55:21.396  INFO 13252 --- [    Test worker] o.s.t.web.servlet.TestDispatcherServlet  : Completed initialization in 1 ms
2023-09-01 22:55:21.526  INFO 13252 --- [    Test worker] o.a.c.c.C.[Tomcat].[localhost].[/]       : Initializing Spring TestDispatcherServlet ''
2023-09-01 22:55:21.527  INFO 13252 --- [    Test worker] o.s.t.web.servlet.TestDispatcherServlet  : Initializing Servlet ''
2023-09-01 22:55:21.527  INFO 13252 --- [    Test worker] o.s.t.web.servlet.TestDispatcherServlet  : Completed initialization in 0 ms
]]></system-out>
  <system-err><![CDATA[]]></system-err>
</testsuite>
