<?xml version="1.0" encoding="UTF-8"?>
<testsuite name="com.kyko.book.springboot.web.IndexControllerTest" tests="1" skipped="0" failures="0" errors="0" timestamp="2023-09-01T13:55:20" hostname="DESKTOP-2GQNGGV" time="0.372">
  <properties/>
  <testcase name="메인페이지_로딩()" classname="com.kyko.book.springboot.web.IndexControllerTest" time="0.372"/>
  <system-out><![CDATA[2023-09-01 22:55:16.551  INFO 13252 --- [    Test worker] .b.t.c.SpringBootTestContextBootstrapper : Neither @ContextConfiguration nor @ContextHierarchy found for test class [com.kyko.book.springboot.web.IndexControllerTest], using SpringBootContextLoader
2023-09-01 22:55:16.553  INFO 13252 --- [    Test worker] o.s.t.c.support.AbstractContextLoader    : Could not detect default resource locations for test class [com.kyko.book.springboot.web.IndexControllerTest]: no resource found for suffixes {-context.xml, Context.groovy}.
2023-09-01 22:55:16.554  INFO 13252 --- [    Test worker] t.c.s.AnnotationConfigContextLoaderUtils : Could not detect default configuration classes for test class [com.kyko.book.springboot.web.IndexControllerTest]: IndexControllerTest does not declare any static, non-private, non-final, nested classes annotated with @Configuration.
2023-09-01 22:55:16.558  INFO 13252 --- [    Test worker] .b.t.c.SpringBootTestContextBootstrapper : Found @SpringBootConfiguration com.kyko.book.springboot.Application for test class com.kyko.book.springboot.web.IndexControllerTest
2023-09-01 22:55:16.561  INFO 13252 --- [    Test worker] .b.t.c.SpringBootTestContextBootstrapper : Loaded default TestExecutionListener class names from location [META-INF/spring.factories]: [org.springframework.security.test.context.support.WithSecurityContextTestExecutionListener, org.springframework.security.test.context.support.ReactorContextTestExecutionListener, org.springframework.boot.test.autoconfigure.restdocs.RestDocsTestExecutionListener, org.springframework.boot.test.autoconfigure.web.client.MockRestServiceServerResetTestExecutionListener, org.springframework.boot.test.autoconfigure.web.servlet.MockMvcPrintOnlyOnFailureTestExecutionListener, org.springframework.boot.test.autoconfigure.web.servlet.WebDriverTestExecutionListener, org.springframework.boot.test.autoconfigure.webservices.client.MockWebServiceServerTestExecutionListener, org.springframework.boot.test.mock.mockito.MockitoTestExecutionListener, org.springframework.boot.test.mock.mockito.ResetMocksTestExecutionListener, org.springframework.test.context.web.ServletTestExecutionListener, org.springframework.test.context.support.DirtiesContextBeforeModesTestExecutionListener, org.springframework.test.context.support.DependencyInjectionTestExecutionListener, org.springframework.test.context.support.DirtiesContextTestExecutionListener, org.springframework.test.context.transaction.TransactionalTestExecutionListener, org.springframework.test.context.jdbc.SqlScriptsTestExecutionListener, org.springframework.test.context.event.EventPublishingTestExecutionListener]
2023-09-01 22:55:16.563  INFO 13252 --- [    Test worker] .b.t.c.SpringBootTestContextBootstrapper : Using TestExecutionListeners: [org.springframework.test.context.web.ServletTestExecutionListener@2c3a2935, org.springframework.test.context.support.DirtiesContextBeforeModesTestExecutionListener@2ca4b010, org.springframework.boot.test.mock.mockito.MockitoTestExecutionListener@83b39c3, org.springframework.boot.test.autoconfigure.SpringBootDependencyInjectionTestExecutionListener@1f7653ae, org.springframework.test.context.support.DirtiesContextTestExecutionListener@62f8b2f4, org.springframework.test.context.transaction.TransactionalTestExecutionListener@6bd5aa8b, org.springframework.test.context.jdbc.SqlScriptsTestExecutionListener@3af17313, org.springframework.security.test.context.support.WithSecurityContextTestExecutionListener@1737acc0, org.springframework.test.context.event.EventPublishingTestExecutionListener@30ffc3c0, org.springframework.security.test.context.support.ReactorContextTestExecutionListener@76b8b6a6, org.springframework.boot.test.autoconfigure.restdocs.RestDocsTestExecutionListener@47e02a89, org.springframework.boot.test.autoconfigure.web.client.MockRestServiceServerResetTestExecutionListener@6d9bcf19, org.springframework.boot.test.autoconfigure.web.servlet.MockMvcPrintOnlyOnFailureTestExecutionListener@23b4f0a9, org.springframework.boot.test.autoconfigure.web.servlet.WebDriverTestExecutionListener@108a7fff, org.springframework.boot.test.autoconfigure.webservices.client.MockWebServiceServerTestExecutionListener@56f8ab05, org.springframework.boot.test.mock.mockito.ResetMocksTestExecutionListener@652855c4]

  .   ____          _            __ _ _
 /\\ / ___'_ __ _ _(_)_ __  __ _ \ \ \ \
( ( )\___ | '_ | '_| | '_ \/ _` | \ \ \ \
 \\/  ___)| |_)| | | | | || (_| |  ) ) ) )
  '  |____| .__|_| |_|_| |_\__, | / / / /
 =========|_|==============|___/=/_/_/_/
 :: Spring Boot ::                (v2.4.1)

2023-09-01 22:55:16.643  INFO 13252 --- [    Test worker] c.k.b.s.web.IndexControllerTest          : Starting IndexControllerTest using Java 16.0.2 on DESKTOP-2GQNGGV with PID 13252 (started by KoKyungNam in C:\Users\KoKyungNam\Desktop\Spring)
2023-09-01 22:55:16.645  INFO 13252 --- [    Test worker] c.k.b.s.web.IndexControllerTest          : No active profile set, falling back to default profiles: default
2023-09-01 22:55:17.190  INFO 13252 --- [    Test worker] .s.d.r.c.RepositoryConfigurationDelegate : Bootstrapping Spring Data JPA repositories in DEFAULT mode.
2023-09-01 22:55:17.262  INFO 13252 --- [    Test worker] .s.d.r.c.RepositoryConfigurationDelegate : Finished Spring Data repository scanning in 71 ms. Found 2 JPA repository interfaces.
2023-09-01 22:55:17.981  INFO 13252 --- [    Test worker] o.s.b.w.embedded.tomcat.TomcatWebServer  : Tomcat initialized with port(s): 0 (http)
2023-09-01 22:55:18.006  INFO 13252 --- [    Test worker] o.apache.catalina.core.StandardService   : Starting service [Tomcat]
2023-09-01 22:55:18.006  INFO 13252 --- [    Test worker] org.apache.catalina.core.StandardEngine  : Starting Servlet engine: [Apache Tomcat/9.0.41]
2023-09-01 22:55:18.421  INFO 13252 --- [    Test worker] o.a.c.c.C.[Tomcat].[localhost].[/]       : Initializing Spring embedded WebApplicationContext
2023-09-01 22:55:18.421  INFO 13252 --- [    Test worker] w.s.c.ServletWebServerApplicationContext : Root WebApplicationContext: initialization completed in 1768 ms
2023-09-01 22:55:18.836  INFO 13252 --- [    Test worker] com.zaxxer.hikari.HikariDataSource       : HikariPool-2 - Starting...
2023-09-01 22:55:18.839  INFO 13252 --- [    Test worker] com.zaxxer.hikari.HikariDataSource       : HikariPool-2 - Start completed.
2023-09-01 22:55:18.935  INFO 13252 --- [    Test worker] o.hibernate.jpa.internal.util.LogHelper  : HHH000204: Processing PersistenceUnitInfo [name: default]
2023-09-01 22:55:18.969  INFO 13252 --- [    Test worker] org.hibernate.dialect.Dialect            : HHH000400: Using dialect: org.hibernate.dialect.H2Dialect
2023-09-01 22:55:19.106  INFO 13252 --- [    Test worker] o.h.e.t.j.p.i.JtaPlatformInitiator       : HHH000490: Using JtaPlatform implementation: [org.hibernate.engine.transaction.jta.platform.internal.NoJtaPlatform]
2023-09-01 22:55:19.106  INFO 13252 --- [    Test worker] j.LocalContainerEntityManagerFactoryBean : Initialized JPA EntityManagerFactory for persistence unit 'default'
2023-09-01 22:55:19.739  WARN 13252 --- [    Test worker] JpaBaseConfiguration$JpaWebConfiguration : spring.jpa.open-in-view is enabled by default. Therefore, database queries may be performed during view rendering. Explicitly configure spring.jpa.open-in-view to disable this warning
2023-09-01 22:55:20.152  INFO 13252 --- [    Test worker] o.s.s.web.DefaultSecurityFilterChain     : Will secure any request with [org.springframework.security.web.context.request.async.WebAsyncManagerIntegrationFilter@5304ac92, org.springframework.security.web.context.SecurityContextPersistenceFilter@107ac2b6, org.springframework.security.web.header.HeaderWriterFilter@61b3de5b, org.springframework.security.web.authentication.logout.LogoutFilter@73c5b676, org.springframework.security.oauth2.client.web.OAuth2AuthorizationRequestRedirectFilter@18f37d6e, org.springframework.security.oauth2.client.web.OAuth2LoginAuthenticationFilter@3d1b91d1, org.springframework.security.web.authentication.ui.DefaultLoginPageGeneratingFilter@70b7fec0, org.springframework.security.web.authentication.ui.DefaultLogoutPageGeneratingFilter@71669835, org.springframework.security.web.savedrequest.RequestCacheAwareFilter@6e057374, org.springframework.security.web.servletapi.SecurityContextHolderAwareRequestFilter@113b39e9, org.springframework.security.web.authentication.AnonymousAuthenticationFilter@727d937a, org.springframework.security.web.session.SessionManagementFilter@12c1826, org.springframework.security.web.access.ExceptionTranslationFilter@6c524a7f, org.springframework.security.web.access.intercept.FilterSecurityInterceptor@b7526a9]
2023-09-01 22:55:20.384  INFO 13252 --- [    Test worker] o.s.s.concurrent.ThreadPoolTaskExecutor  : Initializing ExecutorService 'applicationTaskExecutor'
2023-09-01 22:55:20.457  INFO 13252 --- [    Test worker] o.s.b.a.w.s.WelcomePageHandlerMapping    : Adding welcome page template: index
2023-09-01 22:55:20.969  INFO 13252 --- [    Test worker] o.s.b.w.embedded.tomcat.TomcatWebServer  : Tomcat started on port(s): 59031 (http) with context path ''
2023-09-01 22:55:20.973  INFO 13252 --- [    Test worker] s.a.ScheduledAnnotationBeanPostProcessor : No TaskScheduler/ScheduledExecutorService bean found for scheduled processing
2023-09-01 22:55:20.976  INFO 13252 --- [    Test worker] c.k.b.s.web.IndexControllerTest          : Started IndexControllerTest in 4.407 seconds (JVM running for 23.559)
2023-09-01 22:55:21.188  INFO 13252 --- [o-auto-1-exec-1] o.a.c.c.C.[Tomcat].[localhost].[/]       : Initializing Spring DispatcherServlet 'dispatcherServlet'
2023-09-01 22:55:21.188  INFO 13252 --- [o-auto-1-exec-1] o.s.web.servlet.DispatcherServlet        : Initializing Servlet 'dispatcherServlet'
2023-09-01 22:55:21.189  INFO 13252 --- [o-auto-1-exec-1] o.s.web.servlet.DispatcherServlet        : Completed initialization in 1 ms
]]></system-out>
  <system-err><![CDATA[]]></system-err>
</testsuite>
