<?xml version="1.0" encoding="UTF-8"?>
<testsuite name="com.kyko.book.springboot.web.IndexControllerTest" tests="1" skipped="0" failures="0" errors="0" timestamp="2023-09-14T07:38:59" hostname="DESKTOP-2GQNGGV" time="0.467">
  <properties/>
  <testcase name="메인페이지_로딩()" classname="com.kyko.book.springboot.web.IndexControllerTest" time="0.467"/>
  <system-out><![CDATA[2023-09-14 16:38:54.346  INFO 31556 --- [    Test worker] .b.t.c.SpringBootTestContextBootstrapper : Neither @ContextConfiguration nor @ContextHierarchy found for test class [com.kyko.book.springboot.web.IndexControllerTest], using SpringBootContextLoader
2023-09-14 16:38:54.349  INFO 31556 --- [    Test worker] o.s.t.c.support.AbstractContextLoader    : Could not detect default resource locations for test class [com.kyko.book.springboot.web.IndexControllerTest]: no resource found for suffixes {-context.xml, Context.groovy}.
2023-09-14 16:38:54.350  INFO 31556 --- [    Test worker] t.c.s.AnnotationConfigContextLoaderUtils : Could not detect default configuration classes for test class [com.kyko.book.springboot.web.IndexControllerTest]: IndexControllerTest does not declare any static, non-private, non-final, nested classes annotated with @Configuration.
2023-09-14 16:38:54.355  INFO 31556 --- [    Test worker] .b.t.c.SpringBootTestContextBootstrapper : Found @SpringBootConfiguration com.kyko.book.springboot.Application for test class com.kyko.book.springboot.web.IndexControllerTest
2023-09-14 16:38:54.359  INFO 31556 --- [    Test worker] .b.t.c.SpringBootTestContextBootstrapper : Loaded default TestExecutionListener class names from location [META-INF/spring.factories]: [org.springframework.security.test.context.support.WithSecurityContextTestExecutionListener, org.springframework.security.test.context.support.ReactorContextTestExecutionListener, org.springframework.boot.test.autoconfigure.restdocs.RestDocsTestExecutionListener, org.springframework.boot.test.autoconfigure.web.client.MockRestServiceServerResetTestExecutionListener, org.springframework.boot.test.autoconfigure.web.servlet.MockMvcPrintOnlyOnFailureTestExecutionListener, org.springframework.boot.test.autoconfigure.web.servlet.WebDriverTestExecutionListener, org.springframework.boot.test.autoconfigure.webservices.client.MockWebServiceServerTestExecutionListener, org.springframework.boot.test.mock.mockito.MockitoTestExecutionListener, org.springframework.boot.test.mock.mockito.ResetMocksTestExecutionListener, org.springframework.test.context.web.ServletTestExecutionListener, org.springframework.test.context.support.DirtiesContextBeforeModesTestExecutionListener, org.springframework.test.context.support.DependencyInjectionTestExecutionListener, org.springframework.test.context.support.DirtiesContextTestExecutionListener, org.springframework.test.context.transaction.TransactionalTestExecutionListener, org.springframework.test.context.jdbc.SqlScriptsTestExecutionListener, org.springframework.test.context.event.EventPublishingTestExecutionListener]
2023-09-14 16:38:54.363  INFO 31556 --- [    Test worker] .b.t.c.SpringBootTestContextBootstrapper : Using TestExecutionListeners: [org.springframework.test.context.web.ServletTestExecutionListener@4ba56bbe, org.springframework.test.context.support.DirtiesContextBeforeModesTestExecutionListener@8ae7e03, org.springframework.boot.test.mock.mockito.MockitoTestExecutionListener@551bc2c6, org.springframework.boot.test.autoconfigure.SpringBootDependencyInjectionTestExecutionListener@6b6b4177, org.springframework.test.context.support.DirtiesContextTestExecutionListener@bf32f3f, org.springframework.test.context.transaction.TransactionalTestExecutionListener@70d61624, org.springframework.test.context.jdbc.SqlScriptsTestExecutionListener@7b50e70a, org.springframework.security.test.context.support.WithSecurityContextTestExecutionListener@4a0161ee, org.springframework.test.context.event.EventPublishingTestExecutionListener@58192546, org.springframework.security.test.context.support.ReactorContextTestExecutionListener@18be7f57, org.springframework.boot.test.autoconfigure.restdocs.RestDocsTestExecutionListener@64aab3fd, org.springframework.boot.test.autoconfigure.web.client.MockRestServiceServerResetTestExecutionListener@2565b097, org.springframework.boot.test.autoconfigure.web.servlet.MockMvcPrintOnlyOnFailureTestExecutionListener@34c79268, org.springframework.boot.test.autoconfigure.web.servlet.WebDriverTestExecutionListener@5fe80760, org.springframework.boot.test.autoconfigure.webservices.client.MockWebServiceServerTestExecutionListener@6e6c723b, org.springframework.boot.test.mock.mockito.ResetMocksTestExecutionListener@66859669]

  .   ____          _            __ _ _
 /\\ / ___'_ __ _ _(_)_ __  __ _ \ \ \ \
( ( )\___ | '_ | '_| | '_ \/ _` | \ \ \ \
 \\/  ___)| |_)| | | | | || (_| |  ) ) ) )
  '  |____| .__|_| |_|_| |_\__, | / / / /
 =========|_|==============|___/=/_/_/_/
 :: Spring Boot ::                (v2.4.1)

2023-09-14 16:38:54.451  INFO 31556 --- [    Test worker] c.k.b.s.web.IndexControllerTest          : Starting IndexControllerTest using Java 11.0.12 on DESKTOP-2GQNGGV with PID 31556 (started by KoKyungNam in C:\Users\KoKyungNam\Desktop\Spring)
2023-09-14 16:38:54.452  INFO 31556 --- [    Test worker] c.k.b.s.web.IndexControllerTest          : No active profile set, falling back to default profiles: default
2023-09-14 16:38:55.092  INFO 31556 --- [    Test worker] .s.d.r.c.RepositoryConfigurationDelegate : Bootstrapping Spring Data JPA repositories in DEFAULT mode.
2023-09-14 16:38:55.173  INFO 31556 --- [    Test worker] .s.d.r.c.RepositoryConfigurationDelegate : Finished Spring Data repository scanning in 80 ms. Found 2 JPA repository interfaces.
2023-09-14 16:38:56.093  INFO 31556 --- [    Test worker] o.s.b.w.embedded.tomcat.TomcatWebServer  : Tomcat initialized with port(s): 0 (http)
2023-09-14 16:38:56.134  INFO 31556 --- [    Test worker] o.apache.catalina.core.StandardService   : Starting service [Tomcat]
2023-09-14 16:38:56.135  INFO 31556 --- [    Test worker] org.apache.catalina.core.StandardEngine  : Starting Servlet engine: [Apache Tomcat/9.0.41]
2023-09-14 16:38:56.607  INFO 31556 --- [    Test worker] o.a.c.c.C.[Tomcat].[localhost].[/]       : Initializing Spring embedded WebApplicationContext
2023-09-14 16:38:56.607  INFO 31556 --- [    Test worker] w.s.c.ServletWebServerApplicationContext : Root WebApplicationContext: initialization completed in 2147 ms
2023-09-14 16:38:57.038  INFO 31556 --- [    Test worker] com.zaxxer.hikari.HikariDataSource       : HikariPool-2 - Starting...
2023-09-14 16:38:57.044  INFO 31556 --- [    Test worker] com.zaxxer.hikari.HikariDataSource       : HikariPool-2 - Start completed.
2023-09-14 16:38:57.168  INFO 31556 --- [    Test worker] o.hibernate.jpa.internal.util.LogHelper  : HHH000204: Processing PersistenceUnitInfo [name: default]
2023-09-14 16:38:57.203  INFO 31556 --- [    Test worker] org.hibernate.dialect.Dialect            : HHH000400: Using dialect: org.hibernate.dialect.H2Dialect
2023-09-14 16:38:57.327  INFO 31556 --- [    Test worker] o.h.e.t.j.p.i.JtaPlatformInitiator       : HHH000490: Using JtaPlatform implementation: [org.hibernate.engine.transaction.jta.platform.internal.NoJtaPlatform]
2023-09-14 16:38:57.328  INFO 31556 --- [    Test worker] j.LocalContainerEntityManagerFactoryBean : Initialized JPA EntityManagerFactory for persistence unit 'default'
2023-09-14 16:38:57.969  WARN 31556 --- [    Test worker] JpaBaseConfiguration$JpaWebConfiguration : spring.jpa.open-in-view is enabled by default. Therefore, database queries may be performed during view rendering. Explicitly configure spring.jpa.open-in-view to disable this warning
2023-09-14 16:38:58.559  INFO 31556 --- [    Test worker] o.s.s.web.DefaultSecurityFilterChain     : Will secure any request with [org.springframework.security.web.context.request.async.WebAsyncManagerIntegrationFilter@5ceeab0c, org.springframework.security.web.context.SecurityContextPersistenceFilter@605a10fd, org.springframework.security.web.header.HeaderWriterFilter@21b05a8a, org.springframework.security.web.authentication.logout.LogoutFilter@4d23b242, org.springframework.security.oauth2.client.web.OAuth2AuthorizationRequestRedirectFilter@46ebfc09, org.springframework.security.oauth2.client.web.OAuth2LoginAuthenticationFilter@21f41593, org.springframework.security.web.authentication.ui.DefaultLoginPageGeneratingFilter@cdf3815, org.springframework.security.web.authentication.ui.DefaultLogoutPageGeneratingFilter@7194f5b, org.springframework.security.web.savedrequest.RequestCacheAwareFilter@16acf986, org.springframework.security.web.servletapi.SecurityContextHolderAwareRequestFilter@35eb95d3, org.springframework.security.web.authentication.AnonymousAuthenticationFilter@1e0be005, org.springframework.security.web.session.SessionManagementFilter@47ffce5d, org.springframework.security.web.access.ExceptionTranslationFilter@10ecdd85, org.springframework.security.web.access.intercept.FilterSecurityInterceptor@5f709b99]
2023-09-14 16:38:58.886  INFO 31556 --- [    Test worker] o.s.s.concurrent.ThreadPoolTaskExecutor  : Initializing ExecutorService 'applicationTaskExecutor'
2023-09-14 16:38:58.978  INFO 31556 --- [    Test worker] o.s.b.a.w.s.WelcomePageHandlerMapping    : Adding welcome page template: index
2023-09-14 16:38:59.605  INFO 31556 --- [    Test worker] o.s.b.w.embedded.tomcat.TomcatWebServer  : Tomcat started on port(s): 54448 (http) with context path ''
2023-09-14 16:38:59.611  INFO 31556 --- [    Test worker] s.a.ScheduledAnnotationBeanPostProcessor : No TaskScheduler/ScheduledExecutorService bean found for scheduled processing
2023-09-14 16:38:59.614  INFO 31556 --- [    Test worker] c.k.b.s.web.IndexControllerTest          : Started IndexControllerTest in 5.245 seconds (JVM running for 29.846)
2023-09-14 16:38:59.887  INFO 31556 --- [o-auto-1-exec-1] o.a.c.c.C.[Tomcat].[localhost].[/]       : Initializing Spring DispatcherServlet 'dispatcherServlet'
2023-09-14 16:38:59.888  INFO 31556 --- [o-auto-1-exec-1] o.s.web.servlet.DispatcherServlet        : Initializing Servlet 'dispatcherServlet'
2023-09-14 16:38:59.890  INFO 31556 --- [o-auto-1-exec-1] o.s.web.servlet.DispatcherServlet        : Completed initialization in 1 ms
]]></system-out>
  <system-err><![CDATA[]]></system-err>
</testsuite>
