<?xml version="1.0" encoding="UTF-8"?>
<testsuite name="com.kyko.book.springboot.web.HelloControllerTest" tests="2" skipped="0" failures="0" errors="0" timestamp="2023-09-01T13:55:16" hostname="DESKTOP-2GQNGGV" time="0.344">
  <properties/>
  <testcase name="helloIsReturn()" classname="com.kyko.book.springboot.web.HelloControllerTest" time="0.163"/>
  <testcase name="helloDto가_리턴된다()" classname="com.kyko.book.springboot.web.HelloControllerTest" time="0.18"/>
  <system-out><![CDATA[2023-09-01 22:55:14.231  INFO 13252 --- [    Test worker] .b.t.a.w.s.WebMvcTestContextBootstrapper : Neither @ContextConfiguration nor @ContextHierarchy found for test class [com.kyko.book.springboot.web.HelloControllerTest], using SpringBootContextLoader
2023-09-01 22:55:14.234  INFO 13252 --- [    Test worker] o.s.t.c.support.AbstractContextLoader    : Could not detect default resource locations for test class [com.kyko.book.springboot.web.HelloControllerTest]: no resource found for suffixes {-context.xml, Context.groovy}.
2023-09-01 22:55:14.234  INFO 13252 --- [    Test worker] t.c.s.AnnotationConfigContextLoaderUtils : Could not detect default configuration classes for test class [com.kyko.book.springboot.web.HelloControllerTest]: HelloControllerTest does not declare any static, non-private, non-final, nested classes annotated with @Configuration.
2023-09-01 22:55:14.290  INFO 13252 --- [    Test worker] .b.t.c.SpringBootTestContextBootstrapper : Found @SpringBootConfiguration com.kyko.book.springboot.Application for test class com.kyko.book.springboot.web.HelloControllerTest
2023-09-01 22:55:14.292  INFO 13252 --- [    Test worker] .b.t.a.w.s.WebMvcTestContextBootstrapper : Loaded default TestExecutionListener class names from location [META-INF/spring.factories]: [org.springframework.security.test.context.support.WithSecurityContextTestExecutionListener, org.springframework.security.test.context.support.ReactorContextTestExecutionListener, org.springframework.boot.test.autoconfigure.restdocs.RestDocsTestExecutionListener, org.springframework.boot.test.autoconfigure.web.client.MockRestServiceServerResetTestExecutionListener, org.springframework.boot.test.autoconfigure.web.servlet.MockMvcPrintOnlyOnFailureTestExecutionListener, org.springframework.boot.test.autoconfigure.web.servlet.WebDriverTestExecutionListener, org.springframework.boot.test.autoconfigure.webservices.client.MockWebServiceServerTestExecutionListener, org.springframework.boot.test.mock.mockito.MockitoTestExecutionListener, org.springframework.boot.test.mock.mockito.ResetMocksTestExecutionListener, org.springframework.test.context.web.ServletTestExecutionListener, org.springframework.test.context.support.DirtiesContextBeforeModesTestExecutionListener, org.springframework.test.context.support.DependencyInjectionTestExecutionListener, org.springframework.test.context.support.DirtiesContextTestExecutionListener, org.springframework.test.context.transaction.TransactionalTestExecutionListener, org.springframework.test.context.jdbc.SqlScriptsTestExecutionListener, org.springframework.test.context.event.EventPublishingTestExecutionListener]
2023-09-01 22:55:14.295  INFO 13252 --- [    Test worker] .b.t.a.w.s.WebMvcTestContextBootstrapper : Using TestExecutionListeners: [org.springframework.test.context.web.ServletTestExecutionListener@7a6078d, org.springframework.test.context.support.DirtiesContextBeforeModesTestExecutionListener@372c428, org.springframework.boot.test.mock.mockito.MockitoTestExecutionListener@4458887d, org.springframework.boot.test.autoconfigure.SpringBootDependencyInjectionTestExecutionListener@7b1bb01c, org.springframework.test.context.support.DirtiesContextTestExecutionListener@4c364a9d, org.springframework.test.context.transaction.TransactionalTestExecutionListener@597084b7, org.springframework.test.context.jdbc.SqlScriptsTestExecutionListener@59ebe484, org.springframework.security.test.context.support.WithSecurityContextTestExecutionListener@7fd624f5, org.springframework.test.context.event.EventPublishingTestExecutionListener@1cafb30, org.springframework.security.test.context.support.ReactorContextTestExecutionListener@5cc28282, org.springframework.boot.test.autoconfigure.restdocs.RestDocsTestExecutionListener@5a0b925a, org.springframework.boot.test.autoconfigure.web.client.MockRestServiceServerResetTestExecutionListener@14b4f462, org.springframework.boot.test.autoconfigure.web.servlet.MockMvcPrintOnlyOnFailureTestExecutionListener@42718ebf, org.springframework.boot.test.autoconfigure.web.servlet.WebDriverTestExecutionListener@a6fc2e1, org.springframework.boot.test.autoconfigure.webservices.client.MockWebServiceServerTestExecutionListener@c7008b4, org.springframework.boot.test.mock.mockito.ResetMocksTestExecutionListener@3f54fabc]

  .   ____          _            __ _ _
 /\\ / ___'_ __ _ _(_)_ __  __ _ \ \ \ \
( ( )\___ | '_ | '_| | '_ \/ _` | \ \ \ \
 \\/  ___)| |_)| | | | | || (_| |  ) ) ) )
  '  |____| .__|_| |_|_| |_\__, | / / / /
 =========|_|==============|___/=/_/_/_/
 :: Spring Boot ::                (v2.4.1)

2023-09-01 22:55:14.358  INFO 13252 --- [    Test worker] c.k.b.s.web.HelloControllerTest          : Starting HelloControllerTest using Java 16.0.2 on DESKTOP-2GQNGGV with PID 13252 (started by KoKyungNam in C:\Users\KoKyungNam\Desktop\Spring)
2023-09-01 22:55:14.359  INFO 13252 --- [    Test worker] c.k.b.s.web.HelloControllerTest          : No active profile set, falling back to default profiles: default
2023-09-01 22:55:15.145  INFO 13252 --- [    Test worker] o.s.s.concurrent.ThreadPoolTaskExecutor  : Initializing ExecutorService 'applicationTaskExecutor'
2023-09-01 22:55:15.226  INFO 13252 --- [    Test worker] o.s.b.a.w.s.WelcomePageHandlerMapping    : Adding welcome page template: index
2023-09-01 22:55:15.968  INFO 13252 --- [    Test worker] o.s.s.web.DefaultSecurityFilterChain     : Will secure any request with [org.springframework.security.web.context.request.async.WebAsyncManagerIntegrationFilter@34fde3a3, org.springframework.security.web.context.SecurityContextPersistenceFilter@81f9b01, org.springframework.security.web.header.HeaderWriterFilter@77ac7cd6, org.springframework.security.web.csrf.CsrfFilter@505f6511, org.springframework.security.web.authentication.logout.LogoutFilter@394c77e2, org.springframework.security.oauth2.client.web.OAuth2AuthorizationRequestRedirectFilter@3f4fd0dc, org.springframework.security.oauth2.client.web.OAuth2AuthorizationRequestRedirectFilter@293988dc, org.springframework.security.oauth2.client.web.OAuth2LoginAuthenticationFilter@3723de42, org.springframework.security.web.authentication.ui.DefaultLoginPageGeneratingFilter@20dfe8b2, org.springframework.security.web.authentication.ui.DefaultLogoutPageGeneratingFilter@4cdb7fd9, org.springframework.security.web.savedrequest.RequestCacheAwareFilter@53d94a6b, org.springframework.security.web.servletapi.SecurityContextHolderAwareRequestFilter@4707d60a, org.springframework.security.web.authentication.AnonymousAuthenticationFilter@5d9639bb, org.springframework.security.oauth2.client.web.OAuth2AuthorizationCodeGrantFilter@4a5dc126, org.springframework.security.web.session.SessionManagementFilter@12830e23, org.springframework.security.web.access.ExceptionTranslationFilter@5c70eda4, org.springframework.security.web.access.intercept.FilterSecurityInterceptor@6860c000]
2023-09-01 22:55:16.165  INFO 13252 --- [    Test worker] o.s.b.t.m.w.SpringBootMockServletContext : Initializing Spring TestDispatcherServlet ''
2023-09-01 22:55:16.166  INFO 13252 --- [    Test worker] o.s.t.web.servlet.TestDispatcherServlet  : Initializing Servlet ''
2023-09-01 22:55:16.166  INFO 13252 --- [    Test worker] o.s.t.web.servlet.TestDispatcherServlet  : Completed initialization in 0 ms
2023-09-01 22:55:16.196  INFO 13252 --- [    Test worker] c.k.b.s.web.HelloControllerTest          : Started HelloControllerTest in 1.896 seconds (JVM running for 18.779)
]]></system-out>
  <system-err><![CDATA[]]></system-err>
</testsuite>
